#
# There is insufficient memory for the Java Runtime Environment to continue.
# Native memory allocation (malloc) failed to allocate 1032976 bytes for Chunk::new
# Possible reasons:
#   The system is out of physical RAM or swap space
#   The process is running with CompressedOops enabled, and the Java Heap may be blocking the growth of the native heap
# Possible solutions:
#   Reduce memory load on the system
#   Increase physical memory or swap space
#   Check if swap backing store is full
#   Decrease Java heap size (-Xmx/-Xms)
#   Decrease number of Java threads
#   Decrease Java thread stack sizes (-Xss)
#   Set larger code cache with -XX:ReservedCodeCacheSize=
#   JVM is running with Unscaled Compressed Oops mode in which the Java heap is
#     placed in the first 4GB address space. The Java Heap base address is the
#     maximum limit for the native heap growth. Please use -XX:HeapBaseMinAddress
#     to set the Java Heap base and to place the Java Heap above 4GB virtual address.
# This output file may be truncated or incomplete.
#
#  Out of Memory Error (./src/hotspot/share/memory/arena.cpp:197), pid=12440, tid=1088
#
# JRE version: OpenJDK Runtime Environment (11.0.8+10) (build 11.0.8+10-b944.6842174)
# Java VM: OpenJDK 64-Bit Server VM (11.0.8+10-b944.6842174, mixed mode, tiered, compressed oops, g1 gc, windows-amd64)
# No core dump will be written. Minidumps are not enabled by default on client versions of Windows
#

---------------  S U M M A R Y ------------

Command Line: --add-opens=java.base/java.util=ALL-UNNAMED --add-opens=java.base/java.lang=ALL-UNNAMED --add-opens=java.base/java.lang.invoke=ALL-UNNAMED --add-opens=java.prefs/java.util.prefs=ALL-UNNAMED -Xmx2048m -Dfile.encoding=windows-1252 -Duser.country=IN -Duser.language=en -Duser.variant org.gradle.launcher.daemon.bootstrap.GradleDaemon 6.5

Host: Intel(R) Core(TM) i5-10210U CPU @ 1.60GHz, 8 cores, 7G,  Windows 10 , 64 bit Build 19041 (10.0.19041.1023)
Time: Wed Jul 14 22:01:39 2021 India Standard Time elapsed time: 321 seconds (0d 0h 5m 21s)

---------------  T H R E A D  ---------------

Current thread (0x00000247cd9eb800):  JavaThread "C2 CompilerThread0" daemon [_thread_in_native, id=1088, stack(0x000000e663700000,0x000000e663800000)]


Current CompileTask:
C2: 321044 12992   !   4       java.io.ObjectOutputStream::writeObject0 (619 bytes)

Stack: [0x000000e663700000,0x000000e663800000]
Native frames: (J=compiled Java code, j=interpreted, Vv=VM code, C=native code)
V  [jvm.dll+0x5de50a]
V  [jvm.dll+0x7122f5]
V  [jvm.dll+0x71384d]
V  [jvm.dll+0x713f03]
V  [jvm.dll+0x23e728]
V  [jvm.dll+0xb899c]
V  [jvm.dll+0xb8e9c]
V  [jvm.dll+0x2b20e4]
V  [jvm.dll+0x502098]
V  [jvm.dll+0x1ff393]
V  [jvm.dll+0x1f917c]
V  [jvm.dll+0x1f685f]
V  [jvm.dll+0x17f32c]
V  [jvm.dll+0x205047]
V  [jvm.dll+0x203891]
V  [jvm.dll+0x6dad3f]
V  [jvm.dll+0x6d3895]
V  [jvm.dll+0x5dd4a6]
C  [ucrtbase.dll+0x21bb2]
C  [KERNEL32.DLL+0x17034]
C  [ntdll.dll+0x52651]


---------------  P R O C E S S  ---------------

Threads class SMR info:
_java_thread_list=0x00000247d27a70c0, length=151, elements={
0x00000247b36cf000, 0x00000247cd9d0000, 0x00000247cd9db800, 0x00000247cd9e9000,
0x00000247cd9e9800, 0x00000247cd9eb800, 0x00000247cd9f1000, 0x00000247cd9fa000,
0x00000247ce4ab000, 0x00000247ce4c2000, 0x00000247ced03000, 0x00000247cfaa2800,
0x00000247cf4da800, 0x00000247cfe93800, 0x00000247cfe8e000, 0x00000247cfe93000,
0x00000247cfe8e800, 0x00000247cee71800, 0x00000247d26b3800, 0x00000247cee6e000,
0x00000247cee6b800, 0x00000247cee72000, 0x00000247cee6c800, 0x00000247cee70000,
0x00000247cee73000, 0x00000247cee6d800, 0x00000247cee74000, 0x00000247cee74800,
0x00000247cee6f000, 0x00000247cee78000, 0x00000247cee76800, 0x00000247cee75800,
0x00000247cee79800, 0x00000247cee77000, 0x00000247cee79000, 0x00000247cee7a800,
0x00000247d26af000, 0x00000247d26ab000, 0x00000247d26ad000, 0x00000247d26aa000,
0x00000247d26b0800, 0x00000247d26b1800, 0x00000247d26ab800, 0x00000247d26b2000,
0x00000247d26ac800, 0x00000247d26af800, 0x00000247d26ae000, 0x00000247d26b6000,
0x00000247d26b7000, 0x00000247d26b3000, 0x00000247d26b8000, 0x00000247d26b4800,
0x00000247d0adb800, 0x00000247d0ade000, 0x00000247d0adc000, 0x00000247d0add000,
0x00000247d0ada000, 0x00000247d0ada800, 0x00000247cfe94800, 0x00000247cfe91000,
0x00000247cfe8f800, 0x00000247cfe92000, 0x00000247cfe90800, 0x00000247d7e65800,
0x00000247d7e6a000, 0x00000247d7e68000, 0x00000247d7e69000, 0x00000247d7e6a800,
0x00000247d7e65000, 0x00000247d7e67800, 0x00000247d7e66800, 0x00000247d7e6b800,
0x00000247d0d24800, 0x00000247d0d25000, 0x00000247d0d26000, 0x00000247d0d20800,
0x00000247d0d27000, 0x00000247d0d23800, 0x00000247d0d22000, 0x00000247d0d21000,
0x00000247d0d22800, 0x00000247d31a1000, 0x00000247d31a4800, 0x00000247d31a8000,
0x00000247d31a3800, 0x00000247d31a5800, 0x00000247d31a2000, 0x00000247d31a3000,
0x00000247d31a6000, 0x00000247d31a7000, 0x00000247d2d07000, 0x00000247d2d06000,
0x00000247d2d05800, 0x00000247d2d07800, 0x00000247d2d08800, 0x00000247d2d09800,
0x00000247d2d03800, 0x00000247d2d0a000, 0x00000247d2d04800, 0x00000247d298c800,
0x00000247d298e000, 0x00000247d2989800, 0x00000247d298f000, 0x00000247d2990000,
0x00000247d298b000, 0x00000247d298b800, 0x00000247d298a000, 0x00000247d2993000,
0x00000247d298d800, 0x00000247d2992800, 0x00000247d2994800, 0x00000247d2994000,
0x00000247d2995800, 0x00000247d2996800, 0x00000247d2990800, 0x00000247d2997000,
0x00000247d2991800, 0x00000247d2998000, 0x00000247d2474800, 0x00000247d2475000,
0x00000247d2476000, 0x00000247d2472000, 0x00000247d2473000, 0x00000247d2473800,
0x00000247d2477000, 0x00000247d2471000, 0x00000247d2478800, 0x00000247d247c800,
0x00000247d247d800, 0x00000247d2479800, 0x00000247d247a000, 0x00000247d247b000,
0x00000247d247c000, 0x00000247d2477800, 0x00000247d247f000, 0x00000247d2480000,
0x00000247d247e000, 0x00000247d282e000, 0x00000247d282d000, 0x00000247d282c800,
0x00000247d2832000, 0x00000247d2831800, 0x00000247d2834800, 0x00000247d2833000,
0x00000247d2833800, 0x00000247d282f000, 0x00000247d282f800, 0x00000247d2836000,
0x00000247d2830800, 0x00000247d2837000, 0x00000247d2838000
}

Java Threads: ( => current thread )
  0x00000247b36cf000 JavaThread "main" [_thread_blocked, id=23316, stack(0x000000e662c00000,0x000000e662d00000)]
  0x00000247cd9d0000 JavaThread "Reference Handler" daemon [_thread_blocked, id=8704, stack(0x000000e663300000,0x000000e663400000)]
  0x00000247cd9db800 JavaThread "Finalizer" daemon [_thread_blocked, id=13548, stack(0x000000e663400000,0x000000e663500000)]
  0x00000247cd9e9000 JavaThread "Signal Dispatcher" daemon [_thread_blocked, id=22172, stack(0x000000e663500000,0x000000e663600000)]
  0x00000247cd9e9800 JavaThread "Attach Listener" daemon [_thread_blocked, id=13080, stack(0x000000e663600000,0x000000e663700000)]
=>0x00000247cd9eb800 JavaThread "C2 CompilerThread0" daemon [_thread_in_native, id=1088, stack(0x000000e663700000,0x000000e663800000)]
  0x00000247cd9f1000 JavaThread "C1 CompilerThread0" daemon [_thread_blocked, id=21312, stack(0x000000e663800000,0x000000e663900000)]
  0x00000247cd9fa000 JavaThread "Sweeper thread" daemon [_thread_blocked, id=20784, stack(0x000000e663900000,0x000000e663a00000)]
  0x00000247ce4ab000 JavaThread "Common-Cleaner" daemon [_thread_blocked, id=16180, stack(0x000000e663a00000,0x000000e663b00000)]
  0x00000247ce4c2000 JavaThread "Service Thread" daemon [_thread_blocked, id=4952, stack(0x000000e663b00000,0x000000e663c00000)]
  0x00000247ced03000 JavaThread "Daemon health stats" [_thread_blocked, id=15952, stack(0x000000e664000000,0x000000e664100000)]
  0x00000247cfaa2800 JavaThread "Incoming local TCP Connector on port 50479" [_thread_in_native, id=11652, stack(0x000000e664200000,0x000000e664300000)]
  0x00000247cf4da800 JavaThread "Daemon periodic checks" [_thread_blocked, id=3124, stack(0x000000e664300000,0x000000e664400000)]
  0x00000247cfe93800 JavaThread "Cache worker for journal cache (C:\Users\santh\.gradle\caches\journal-1)" [_thread_blocked, id=14248, stack(0x000000e664b00000,0x000000e664c00000)]
  0x00000247cfe8e000 JavaThread "File lock request listener" [_thread_in_native, id=8452, stack(0x000000e665100000,0x000000e665200000)]
  0x00000247cfe93000 JavaThread "Cache worker for file hash cache (C:\Users\santh\.gradle\caches\6.5\fileHashes)" [_thread_blocked, id=12116, stack(0x000000e665200000,0x000000e665300000)]
  0x00000247cfe8e800 JavaThread "Cache worker for execution history cache (C:\Users\santh\.gradle\caches\6.5\executionHistory)" [_thread_blocked, id=16388, stack(0x000000e665900000,0x000000e665a00000)]
  0x00000247cee71800 JavaThread "Cache worker for file content cache (C:\Users\santh\.gradle\caches\6.5\fileContent)" [_thread_blocked, id=21756, stack(0x000000e665b00000,0x000000e665c00000)]
  0x00000247d26b3800 JavaThread "Memory manager" [_thread_blocked, id=22824, stack(0x000000e66c700000,0x000000e66c800000)]
  0x00000247cee6e000 JavaThread "Daemon Thread 2" [_thread_blocked, id=12488, stack(0x000000e663d00000,0x000000e663e00000)]
  0x00000247cee6b800 JavaThread "Handler for socket connection from /127.0.0.1:50479 to /127.0.0.1:50260" [_thread_in_native, id=13736, stack(0x000000e664100000,0x000000e664200000)]
  0x00000247cee72000 JavaThread "Cancel handler" [_thread_blocked, id=20524, stack(0x000000e664400000,0x000000e664500000)]
  0x00000247cee6c800 JavaThread "Daemon worker Thread 2" [_thread_blocked, id=19196, stack(0x000000e664600000,0x000000e664700000)]
  0x00000247cee70000 JavaThread "Asynchronous log dispatcher for DefaultDaemonConnection: socket connection from /127.0.0.1:50479 to /127.0.0.1:50260" [_thread_blocked, id=4528, stack(0x000000e664700000,0x000000e664800000)]
  0x00000247cee73000 JavaThread "Stdin handler" [_thread_blocked, id=11252, stack(0x000000e664800000,0x000000e664900000)]
  0x00000247cee6d800 JavaThread "Thread-142" [_thread_blocked, id=4284, stack(0x000000e664900000,0x000000e664a00000)]
  0x00000247cee74000 JavaThread "Cache worker for file hash cache (D:\Workspace\Petfolio_Andriod_Dev_Wed14\.gradle\6.5\fileHashes)" [_thread_blocked, id=21536, stack(0x000000e664a00000,0x000000e664b00000)]
  0x00000247cee74800 JavaThread "Cache worker for checksums cache (D:\Workspace\Petfolio_Andriod_Dev_Wed14\.gradle\checksums)" [_thread_blocked, id=20600, stack(0x000000e665400000,0x000000e665500000)]
  0x00000247cee6f000 JavaThread "Cache worker for cache directory md-supplier (C:\Users\santh\.gradle\caches\6.5\md-supplier)" [_thread_blocked, id=10396, stack(0x000000e665500000,0x000000e665600000)]
  0x00000247cee78000 JavaThread "Cache worker for cache directory md-rule (C:\Users\santh\.gradle\caches\6.5\md-rule)" [_thread_blocked, id=15788, stack(0x000000e665600000,0x000000e665700000)]
  0x00000247cee76800 JavaThread "Build operations" [_thread_blocked, id=16056, stack(0x000000e665700000,0x000000e665800000)]
  0x00000247cee75800 JavaThread "Build operations Thread 2" [_thread_blocked, id=11776, stack(0x000000e665800000,0x000000e665900000)]
  0x00000247cee79800 JavaThread "Build operations Thread 3" [_thread_blocked, id=14636, stack(0x000000e665a00000,0x000000e665b00000)]
  0x00000247cee77000 JavaThread "Build operations Thread 4" [_thread_in_native, id=22416, stack(0x000000e665c00000,0x000000e665d00000)]
  0x00000247cee79000 JavaThread "Build operations Thread 5" [_thread_in_native, id=14504, stack(0x000000e665d00000,0x000000e665e00000)]
  0x00000247cee7a800 JavaThread "Build operations Thread 6" [_thread_in_native, id=19724, stack(0x000000e665e00000,0x000000e665f00000)]
  0x00000247d26af000 JavaThread "Build operations Thread 7" [_thread_blocked, id=10816, stack(0x000000e665f00000,0x000000e666000000)]
  0x00000247d26ab000 JavaThread "Build operations Thread 8" [_thread_blocked, id=17816, stack(0x000000e666000000,0x000000e666100000)]
  0x00000247d26ad000 JavaThread "jar transforms Thread 98" [_thread_blocked, id=9760, stack(0x000000e666100000,0x000000e666200000)]
  0x00000247d26aa000 JavaThread "jar transforms Thread 99" [_thread_blocked, id=19148, stack(0x000000e666200000,0x000000e666300000)]
  0x00000247d26b0800 JavaThread "jar transforms Thread 100" [_thread_blocked, id=15460, stack(0x000000e666300000,0x000000e666400000)]
  0x00000247d26b1800 JavaThread "jar transforms Thread 101" [_thread_blocked, id=23232, stack(0x000000e666400000,0x000000e666500000)]
  0x00000247d26ab800 JavaThread "jar transforms Thread 102" [_thread_blocked, id=20520, stack(0x000000e666500000,0x000000e666600000)]
  0x00000247d26b2000 JavaThread "jar transforms Thread 103" [_thread_blocked, id=13792, stack(0x000000e666600000,0x000000e666700000)]
  0x00000247d26ac800 JavaThread "jar transforms Thread 104" [_thread_blocked, id=18552, stack(0x000000e666700000,0x000000e666800000)]
  0x00000247d26af800 JavaThread "jar transforms Thread 105" [_thread_blocked, id=19988, stack(0x000000e666800000,0x000000e666900000)]
  0x00000247d26ae000 JavaThread "jar transforms Thread 106" [_thread_blocked, id=18416, stack(0x000000e666900000,0x000000e666a00000)]
  0x00000247d26b6000 JavaThread "jar transforms Thread 107" [_thread_blocked, id=22732, stack(0x000000e666a00000,0x000000e666b00000)]
  0x00000247d26b7000 JavaThread "jar transforms Thread 108" [_thread_blocked, id=18608, stack(0x000000e666b00000,0x000000e666c00000)]
  0x00000247d26b3000 JavaThread "jar transforms Thread 109" [_thread_blocked, id=16160, stack(0x000000e666c00000,0x000000e666d00000)]
  0x00000247d26b8000 JavaThread "jar transforms Thread 110" [_thread_blocked, id=20388, stack(0x000000e666d00000,0x000000e666e00000)]
  0x00000247d26b4800 JavaThread "jar transforms Thread 111" [_thread_blocked, id=23012, stack(0x000000e666e00000,0x000000e666f00000)]
  0x00000247d0adb800 JavaThread "jar transforms Thread 112" [_thread_blocked, id=14172, stack(0x000000e666f00000,0x000000e667000000)]
  0x00000247d0ade000 JavaThread "jar transforms Thread 113" [_thread_blocked, id=22656, stack(0x000000e667000000,0x000000e667100000)]
  0x00000247d0adc000 JavaThread "jar transforms Thread 114" [_thread_blocked, id=14268, stack(0x000000e667100000,0x000000e667200000)]
  0x00000247d0add000 JavaThread "jar transforms Thread 115" [_thread_blocked, id=4204, stack(0x000000e667200000,0x000000e667300000)]
  0x00000247d0ada000 JavaThread "jar transforms Thread 116" [_thread_blocked, id=21928, stack(0x000000e667300000,0x000000e667400000)]
  0x00000247d0ada800 JavaThread "jar transforms Thread 117" [_thread_blocked, id=14088, stack(0x000000e667400000,0x000000e667500000)]
  0x00000247cfe94800 JavaThread "jar transforms Thread 118" [_thread_blocked, id=20708, stack(0x000000e667500000,0x000000e667600000)]
  0x00000247cfe91000 JavaThread "jar transforms Thread 119" [_thread_blocked, id=23160, stack(0x000000e667600000,0x000000e667700000)]
  0x00000247cfe8f800 JavaThread "jar transforms Thread 120" [_thread_blocked, id=16548, stack(0x000000e667700000,0x000000e667800000)]
  0x00000247cfe92000 JavaThread "jar transforms Thread 121" [_thread_blocked, id=2020, stack(0x000000e667800000,0x000000e667900000)]
  0x00000247cfe90800 JavaThread "jar transforms Thread 122" [_thread_blocked, id=22572, stack(0x000000e667900000,0x000000e667a00000)]
  0x00000247d7e65800 JavaThread "jar transforms Thread 123" [_thread_blocked, id=2032, stack(0x000000e667a00000,0x000000e667b00000)]
  0x00000247d7e6a000 JavaThread "jar transforms Thread 124" [_thread_blocked, id=8840, stack(0x000000e667b00000,0x000000e667c00000)]
  0x00000247d7e68000 JavaThread "jar transforms Thread 125" [_thread_blocked, id=22140, stack(0x000000e667c00000,0x000000e667d00000)]
  0x00000247d7e69000 JavaThread "jar transforms Thread 126" [_thread_blocked, id=20988, stack(0x000000e667d00000,0x000000e667e00000)]
  0x00000247d7e6a800 JavaThread "jar transforms Thread 127" [_thread_blocked, id=21056, stack(0x000000e667e00000,0x000000e667f00000)]
  0x00000247d7e65000 JavaThread "jar transforms Thread 128" [_thread_blocked, id=21076, stack(0x000000e667f00000,0x000000e668000000)]
  0x00000247d7e67800 JavaThread "jar transforms Thread 129" [_thread_blocked, id=19864, stack(0x000000e668000000,0x000000e668100000)]
  0x00000247d7e66800 JavaThread "jar transforms Thread 130" [_thread_blocked, id=13584, stack(0x000000e668100000,0x000000e668200000)]
  0x00000247d7e6b800 JavaThread "jar transforms Thread 131" [_thread_blocked, id=11804, stack(0x000000e668200000,0x000000e668300000)]
  0x00000247d0d24800 JavaThread "jar transforms Thread 132" [_thread_blocked, id=22276, stack(0x000000e668300000,0x000000e668400000)]
  0x00000247d0d25000 JavaThread "jar transforms Thread 133" [_thread_blocked, id=21528, stack(0x000000e668400000,0x000000e668500000)]
  0x00000247d0d26000 JavaThread "jar transforms Thread 134" [_thread_blocked, id=20264, stack(0x000000e668500000,0x000000e668600000)]
  0x00000247d0d20800 JavaThread "jar transforms Thread 135" [_thread_blocked, id=18304, stack(0x000000e668600000,0x000000e668700000)]
  0x00000247d0d27000 JavaThread "jar transforms Thread 136" [_thread_blocked, id=10748, stack(0x000000e668700000,0x000000e668800000)]
  0x00000247d0d23800 JavaThread "jar transforms Thread 137" [_thread_blocked, id=4032, stack(0x000000e668800000,0x000000e668900000)]
  0x00000247d0d22000 JavaThread "jar transforms Thread 138" [_thread_blocked, id=22816, stack(0x000000e668900000,0x000000e668a00000)]
  0x00000247d0d21000 JavaThread "jar transforms Thread 139" [_thread_blocked, id=14420, stack(0x000000e668a00000,0x000000e668b00000)]
  0x00000247d0d22800 JavaThread "jar transforms Thread 140" [_thread_blocked, id=19416, stack(0x000000e668b00000,0x000000e668c00000)]
  0x00000247d31a1000 JavaThread "jar transforms Thread 141" [_thread_blocked, id=22540, stack(0x000000e668c00000,0x000000e668d00000)]
  0x00000247d31a4800 JavaThread "jar transforms Thread 142" [_thread_blocked, id=9172, stack(0x000000e668d00000,0x000000e668e00000)]
  0x00000247d31a8000 JavaThread "jar transforms Thread 143" [_thread_blocked, id=14824, stack(0x000000e668e00000,0x000000e668f00000)]
  0x00000247d31a3800 JavaThread "jar transforms Thread 144" [_thread_blocked, id=18756, stack(0x000000e668f00000,0x000000e669000000)]
  0x00000247d31a5800 JavaThread "jar transforms Thread 145" [_thread_blocked, id=14224, stack(0x000000e669000000,0x000000e669100000)]
  0x00000247d31a2000 JavaThread "jar transforms Thread 146" [_thread_blocked, id=17660, stack(0x000000e669100000,0x000000e669200000)]
  0x00000247d31a3000 JavaThread "jar transforms Thread 147" [_thread_blocked, id=22928, stack(0x000000e669200000,0x000000e669300000)]
  0x00000247d31a6000 JavaThread "jar transforms Thread 148" [_thread_blocked, id=15320, stack(0x000000e669300000,0x000000e669400000)]
  0x00000247d31a7000 JavaThread "jar transforms Thread 149" [_thread_blocked, id=12108, stack(0x000000e669400000,0x000000e669500000)]
  0x00000247d2d07000 JavaThread "jar transforms Thread 150" [_thread_blocked, id=18444, stack(0x000000e669500000,0x000000e669600000)]
  0x00000247d2d06000 JavaThread "jar transforms Thread 151" [_thread_blocked, id=13988, stack(0x000000e669600000,0x000000e669700000)]
  0x00000247d2d05800 JavaThread "jar transforms Thread 152" [_thread_blocked, id=1552, stack(0x000000e669700000,0x000000e669800000)]
  0x00000247d2d07800 JavaThread "jar transforms Thread 153" [_thread_blocked, id=15732, stack(0x000000e669800000,0x000000e669900000)]
  0x00000247d2d08800 JavaThread "jar transforms Thread 154" [_thread_blocked, id=11824, stack(0x000000e669900000,0x000000e669a00000)]
  0x00000247d2d09800 JavaThread "jar transforms Thread 155" [_thread_blocked, id=4368, stack(0x000000e669a00000,0x000000e669b00000)]
  0x00000247d2d03800 JavaThread "jar transforms Thread 156" [_thread_blocked, id=21384, stack(0x000000e669b00000,0x000000e669c00000)]
  0x00000247d2d0a000 JavaThread "jar transforms Thread 157" [_thread_blocked, id=19904, stack(0x000000e669c00000,0x000000e669d00000)]
  0x00000247d2d04800 JavaThread "jar transforms Thread 158" [_thread_blocked, id=1796, stack(0x000000e669d00000,0x000000e669e00000)]
  0x00000247d298c800 JavaThread "jar transforms Thread 159" [_thread_blocked, id=23076, stack(0x000000e669e00000,0x000000e669f00000)]
  0x00000247d298e000 JavaThread "jar transforms Thread 160" [_thread_blocked, id=17632, stack(0x000000e669f00000,0x000000e66a000000)]
  0x00000247d2989800 JavaThread "jar transforms Thread 161" [_thread_blocked, id=21968, stack(0x000000e66a000000,0x000000e66a100000)]
  0x00000247d298f000 JavaThread "jar transforms Thread 162" [_thread_blocked, id=21012, stack(0x000000e66a100000,0x000000e66a200000)]
  0x00000247d2990000 JavaThread "jar transforms Thread 163" [_thread_blocked, id=22560, stack(0x000000e66a200000,0x000000e66a300000)]
  0x00000247d298b000 JavaThread "jar transforms Thread 164" [_thread_blocked, id=20920, stack(0x000000e66a300000,0x000000e66a400000)]
  0x00000247d298b800 JavaThread "jar transforms Thread 165" [_thread_blocked, id=18252, stack(0x000000e66a400000,0x000000e66a500000)]
  0x00000247d298a000 JavaThread "jar transforms Thread 166" [_thread_blocked, id=3180, stack(0x000000e66a500000,0x000000e66a600000)]
  0x00000247d2993000 JavaThread "jar transforms Thread 167" [_thread_blocked, id=23428, stack(0x000000e66a600000,0x000000e66a700000)]
  0x00000247d298d800 JavaThread "jar transforms Thread 168" [_thread_blocked, id=22508, stack(0x000000e66a700000,0x000000e66a800000)]
  0x00000247d2992800 JavaThread "jar transforms Thread 169" [_thread_blocked, id=19600, stack(0x000000e66a800000,0x000000e66a900000)]
  0x00000247d2994800 JavaThread "jar transforms Thread 170" [_thread_blocked, id=20136, stack(0x000000e66a900000,0x000000e66aa00000)]
  0x00000247d2994000 JavaThread "jar transforms Thread 171" [_thread_blocked, id=656, stack(0x000000e66aa00000,0x000000e66ab00000)]
  0x00000247d2995800 JavaThread "jar transforms Thread 172" [_thread_blocked, id=5852, stack(0x000000e66ab00000,0x000000e66ac00000)]
  0x00000247d2996800 JavaThread "jar transforms Thread 173" [_thread_blocked, id=15344, stack(0x000000e66ac00000,0x000000e66ad00000)]
  0x00000247d2990800 JavaThread "jar transforms Thread 174" [_thread_blocked, id=15376, stack(0x000000e66ad00000,0x000000e66ae00000)]
  0x00000247d2997000 JavaThread "jar transforms Thread 175" [_thread_blocked, id=15256, stack(0x000000e66ae00000,0x000000e66af00000)]
  0x00000247d2991800 JavaThread "jar transforms Thread 176" [_thread_blocked, id=6964, stack(0x000000e66af00000,0x000000e66b000000)]
  0x00000247d2998000 JavaThread "jar transforms Thread 177" [_thread_blocked, id=10776, stack(0x000000e66b000000,0x000000e66b100000)]
  0x00000247d2474800 JavaThread "jar transforms Thread 178" [_thread_blocked, id=20892, stack(0x000000e66b100000,0x000000e66b200000)]
  0x00000247d2475000 JavaThread "jar transforms Thread 179" [_thread_blocked, id=6792, stack(0x000000e66b200000,0x000000e66b300000)]
  0x00000247d2476000 JavaThread "jar transforms Thread 180" [_thread_blocked, id=18684, stack(0x000000e66b300000,0x000000e66b400000)]
  0x00000247d2472000 JavaThread "jar transforms Thread 181" [_thread_blocked, id=20516, stack(0x000000e66b400000,0x000000e66b500000)]
  0x00000247d2473000 JavaThread "jar transforms Thread 182" [_thread_blocked, id=21084, stack(0x000000e66b500000,0x000000e66b600000)]
  0x00000247d2473800 JavaThread "jar transforms Thread 183" [_thread_blocked, id=19652, stack(0x000000e66b600000,0x000000e66b700000)]
  0x00000247d2477000 JavaThread "jar transforms Thread 184" [_thread_blocked, id=22584, stack(0x000000e66b700000,0x000000e66b800000)]
  0x00000247d2471000 JavaThread "jar transforms Thread 185" [_thread_blocked, id=9480, stack(0x000000e66b800000,0x000000e66b900000)]
  0x00000247d2478800 JavaThread "jar transforms Thread 186" [_thread_blocked, id=11136, stack(0x000000e66b900000,0x000000e66ba00000)]
  0x00000247d247c800 JavaThread "jar transforms Thread 187" [_thread_blocked, id=14232, stack(0x000000e66ba00000,0x000000e66bb00000)]
  0x00000247d247d800 JavaThread "jar transforms Thread 188" [_thread_blocked, id=19844, stack(0x000000e66bb00000,0x000000e66bc00000)]
  0x00000247d2479800 JavaThread "jar transforms Thread 189" [_thread_blocked, id=13292, stack(0x000000e66bc00000,0x000000e66bd00000)]
  0x00000247d247a000 JavaThread "jar transforms Thread 190" [_thread_blocked, id=12180, stack(0x000000e66bd00000,0x000000e66be00000)]
  0x00000247d247b000 JavaThread "jar transforms Thread 191" [_thread_blocked, id=15768, stack(0x000000e66be00000,0x000000e66bf00000)]
  0x00000247d247c000 JavaThread "jar transforms Thread 192" [_thread_blocked, id=1476, stack(0x000000e66bf00000,0x000000e66c000000)]
  0x00000247d2477800 JavaThread "jar transforms Thread 193" [_thread_blocked, id=23388, stack(0x000000e66c000000,0x000000e66c100000)]
  0x00000247d247f000 JavaThread "jar transforms Thread 194" [_thread_blocked, id=21464, stack(0x000000e66c100000,0x000000e66c200000)]
  0x00000247d2480000 JavaThread "Cache worker for Build Output Cleanup Cache (D:\Workspace\Petfolio_Andriod_Dev_Wed14\.gradle\buildOutputCleanup)" [_thread_blocked, id=6512, stack(0x000000e66c200000,0x000000e66c300000)]
  0x00000247d247e000 JavaThread "pool-3-thread-1" [_thread_blocked, id=17684, stack(0x000000e66c300000,0x000000e66c400000)]
  0x00000247d282e000 JavaThread "Cache worker for file content cache (D:\Workspace\Petfolio_Andriod_Dev_Wed14\.gradle\6.5\fileContent)" [_thread_blocked, id=14852, stack(0x000000e66c400000,0x000000e66c500000)]
  0x00000247d282d000 JavaThread "Execution worker for ':'" [_thread_blocked, id=17400, stack(0x000000e66c600000,0x000000e66c700000)]
  0x00000247d282c800 JavaThread "Execution worker for ':' Thread 2" [_thread_blocked, id=8612, stack(0x000000e66c800000,0x000000e66c900000)]
  0x00000247d2832000 JavaThread "Execution worker for ':' Thread 3" [_thread_blocked, id=22500, stack(0x000000e66c900000,0x000000e66ca00000)]
  0x00000247d2831800 JavaThread "Execution worker for ':' Thread 4" [_thread_blocked, id=6100, stack(0x000000e66ca00000,0x000000e66cb00000)]
  0x00000247d2834800 JavaThread "Execution worker for ':' Thread 5" [_thread_blocked, id=22632, stack(0x000000e66cb00000,0x000000e66cc00000)]
  0x00000247d2833000 JavaThread "Execution worker for ':' Thread 6" [_thread_blocked, id=20132, stack(0x000000e66cc00000,0x000000e66cd00000)]
  0x00000247d2833800 JavaThread "Execution worker for ':' Thread 7" [_thread_blocked, id=7412, stack(0x000000e66cd00000,0x000000e66ce00000)]
  0x00000247d282f000 JavaThread "Cache worker for execution history cache (D:\Workspace\Petfolio_Andriod_Dev_Wed14\.gradle\6.5\executionHistory)" [_thread_blocked, id=6800, stack(0x000000e66ce00000,0x000000e66cf00000)]
  0x00000247d282f800 JavaThread "WorkerExecutor Queue" [_thread_in_native, id=16608, stack(0x000000e66cf00000,0x000000e66d000000)]
  0x00000247d2836000 JavaThread "pool-4-thread-1" [_thread_blocked, id=22328, stack(0x000000e66d000000,0x000000e66d100000)]
  0x00000247d2830800 JavaThread "stderr" [_thread_in_native, id=4996, stack(0x000000e66d100000,0x000000e66d200000)]
  0x00000247d2837000 JavaThread "stdout" [_thread_in_native, id=14220, stack(0x000000e66d200000,0x000000e66d300000)]
  0x00000247d2838000 JavaThread "WorkerExecutor Queue Thread 2" [_thread_blocked, id=15932, stack(0x000000e66d300000,0x000000e66d400000)]

Other Threads:
  0x00000247cd9cb800 VMThread "VM Thread" [stack: 0x000000e663200000,0x000000e663300000] [id=21400]
  0x00000247ce4c4800 WatcherThread [stack: 0x000000e663c00000,0x000000e663d00000] [id=21936]
  0x00000247b36e1800 GCTaskThread "GC Thread#0" [stack: 0x000000e662d00000,0x000000e662e00000] [id=9576]
  0x00000247ce8dd800 GCTaskThread "GC Thread#1" [stack: 0x000000e663e00000,0x000000e663f00000] [id=12124]
  0x00000247cf303000 GCTaskThread "GC Thread#2" [stack: 0x000000e663f00000,0x000000e664000000] [id=19016]
  0x00000247d026f800 GCTaskThread "GC Thread#3" [stack: 0x000000e664c00000,0x000000e664d00000] [id=4168]
  0x00000247cf8fd000 GCTaskThread "GC Thread#4" [stack: 0x000000e664d00000,0x000000e664e00000] [id=22208]
  0x00000247cf150000 GCTaskThread "GC Thread#5" [stack: 0x000000e664e00000,0x000000e664f00000] [id=17100]
  0x00000247d0166000 GCTaskThread "GC Thread#6" [stack: 0x000000e664f00000,0x000000e665000000] [id=21352]
  0x00000247cfea2000 GCTaskThread "GC Thread#7" [stack: 0x000000e665000000,0x000000e665100000] [id=19536]
  0x00000247b3712000 ConcurrentGCThread "G1 Main Marker" [stack: 0x000000e662e00000,0x000000e662f00000] [id=22836]
  0x00000247b3717800 ConcurrentGCThread "G1 Conc#0" [stack: 0x000000e662f00000,0x000000e663000000] [id=18784]
  0x00000247d00f5800 ConcurrentGCThread "G1 Conc#1" [stack: 0x000000e665300000,0x000000e665400000] [id=12084]
  0x00000247cd820800 ConcurrentGCThread "G1 Refine#0" [stack: 0x000000e663000000,0x000000e663100000] [id=22608]
  0x00000247d599b000 ConcurrentGCThread "G1 Refine#1" [stack: 0x000000e662900000,0x000000e662a00000] [id=23216]
  0x00000247d2c31000 ConcurrentGCThread "G1 Refine#2" [stack: 0x000000e662a00000,0x000000e662b00000] [id=18144]
  0x00000247d2c33000 ConcurrentGCThread "G1 Refine#3" [stack: 0x000000e662b00000,0x000000e662c00000] [id=23300]
  0x00000247d2c32800 ConcurrentGCThread "G1 Refine#4" [stack: 0x000000e664500000,0x000000e664600000] [id=18884]
  0x00000247cd821800 ConcurrentGCThread "G1 Young RemSet Sampling" [stack: 0x000000e663100000,0x000000e663200000] [id=23188]

Threads with active compile tasks:
C2 CompilerThread0 321079 12992   !   4       java.io.ObjectOutputStream::writeObject0 (619 bytes)

VM state:not at safepoint (normal execution)

VM Mutex/Monitor currently owned by a thread: None

OutOfMemory and StackOverflow Exception counts:
OutOfMemoryError java_heap_errors=1
LinkageErrors=145

Heap address: 0x0000000080000000, size: 2048 MB, Compressed Oops mode: 32-bit
Narrow klass base: 0x0000000000000000, Narrow klass shift: 3
Compressed class space size: 1073741824 Address: 0x0000000100000000

Heap:
 garbage-first heap   total 227328K, used 175843K [0x0000000080000000, 0x0000000100000000)
  region size 1024K, 55 young (56320K), 4 survivors (4096K)
 Metaspace       used 91354K, capacity 93687K, committed 93904K, reserved 1130496K
  class space    used 11482K, capacity 12303K, committed 12416K, reserved 1048576K
Heap Regions: E=young(eden), S=young(survivor), O=old, HS=humongous(starts), HC=humongous(continues), CS=collection set, F=free, A=archive, TAMS=top-at-mark-start (previous, next)
|   0|0x0000000080000000, 0x0000000080100000, 0x0000000080100000|100%|HS|  |TAMS 0x0000000080100000, 0x0000000080000000| Complete 
|   1|0x0000000080100000, 0x0000000080200000, 0x0000000080200000|100%| O|  |TAMS 0x0000000080200000, 0x0000000080100000| Untracked 
|   2|0x0000000080200000, 0x0000000080300000, 0x0000000080300000|100%| O|  |TAMS 0x0000000080300000, 0x0000000080200000| Untracked 
|   3|0x0000000080300000, 0x0000000080400000, 0x0000000080400000|100%|HS|  |TAMS 0x0000000080400000, 0x0000000080300000| Complete 
|   4|0x0000000080400000, 0x0000000080500000, 0x0000000080500000|100%|HC|  |TAMS 0x0000000080500000, 0x0000000080400000| Complete 
|   5|0x0000000080500000, 0x0000000080600000, 0x0000000080600000|100%|HC|  |TAMS 0x0000000080600000, 0x0000000080500000| Complete 
|   6|0x0000000080600000, 0x0000000080700000, 0x0000000080700000|100%| O|  |TAMS 0x0000000080700000, 0x0000000080600000| Untracked 
|   7|0x0000000080700000, 0x0000000080800000, 0x0000000080800000|100%| O|  |TAMS 0x0000000080800000, 0x0000000080700000| Untracked 
|   8|0x0000000080800000, 0x0000000080900000, 0x0000000080900000|100%| O|  |TAMS 0x0000000080900000, 0x0000000080800000| Untracked 
|   9|0x0000000080900000, 0x0000000080a00000, 0x0000000080a00000|100%| O|  |TAMS 0x0000000080a00000, 0x0000000080900000| Untracked 
|  10|0x0000000080a00000, 0x0000000080b00000, 0x0000000080b00000|100%| O|  |TAMS 0x0000000080b00000, 0x0000000080a00000| Untracked 
|  11|0x0000000080b00000, 0x0000000080c00000, 0x0000000080c00000|100%| O|  |TAMS 0x0000000080c00000, 0x0000000080b00000| Untracked 
|  12|0x0000000080c00000, 0x0000000080d00000, 0x0000000080d00000|100%| O|  |TAMS 0x0000000080d00000, 0x0000000080c00000| Untracked 
|  13|0x0000000080d00000, 0x0000000080e00000, 0x0000000080e00000|100%| O|  |TAMS 0x0000000080e00000, 0x0000000080d00000| Untracked 
|  14|0x0000000080e00000, 0x0000000080f00000, 0x0000000080f00000|100%| O|  |TAMS 0x0000000080f00000, 0x0000000080e00000| Untracked 
|  15|0x0000000080f00000, 0x0000000081000000, 0x0000000081000000|100%| O|  |TAMS 0x0000000081000000, 0x0000000080f00000| Untracked 
|  16|0x0000000081000000, 0x0000000081100000, 0x0000000081100000|100%| O|  |TAMS 0x0000000081100000, 0x0000000081000000| Untracked 
|  17|0x0000000081100000, 0x0000000081200000, 0x0000000081200000|100%| O|  |TAMS 0x0000000081200000, 0x0000000081100000| Untracked 
|  18|0x0000000081200000, 0x0000000081300000, 0x0000000081300000|100%| O|  |TAMS 0x0000000081300000, 0x0000000081200000| Untracked 
|  19|0x0000000081300000, 0x0000000081400000, 0x0000000081400000|100%| O|  |TAMS 0x0000000081400000, 0x0000000081300000| Untracked 
|  20|0x0000000081400000, 0x0000000081500000, 0x0000000081500000|100%| O|  |TAMS 0x0000000081500000, 0x0000000081400000| Untracked 
|  21|0x0000000081500000, 0x0000000081600000, 0x0000000081600000|100%| O|  |TAMS 0x0000000081600000, 0x0000000081500000| Untracked 
|  22|0x0000000081600000, 0x0000000081700000, 0x0000000081700000|100%|HS|  |TAMS 0x0000000081700000, 0x0000000081600000| Complete 
|  23|0x0000000081700000, 0x0000000081800000, 0x0000000081800000|100%|HC|  |TAMS 0x0000000081800000, 0x0000000081700000| Complete 
|  24|0x0000000081800000, 0x0000000081900000, 0x0000000081900000|100%| O|  |TAMS 0x0000000081900000, 0x0000000081800000| Untracked 
|  25|0x0000000081900000, 0x0000000081a00000, 0x0000000081a00000|100%| O|  |TAMS 0x0000000081a00000, 0x0000000081900000| Untracked 
|  26|0x0000000081a00000, 0x0000000081b00000, 0x0000000081b00000|100%| O|  |TAMS 0x0000000081b00000, 0x0000000081a00000| Untracked 
|  27|0x0000000081b00000, 0x0000000081c00000, 0x0000000081c00000|100%| O|  |TAMS 0x0000000081c00000, 0x0000000081b00000| Untracked 
|  28|0x0000000081c00000, 0x0000000081d00000, 0x0000000081d00000|100%| O|  |TAMS 0x0000000081d00000, 0x0000000081c00000| Untracked 
|  29|0x0000000081d00000, 0x0000000081e00000, 0x0000000081e00000|100%| O|  |TAMS 0x0000000081e00000, 0x0000000081d00000| Untracked 
|  30|0x0000000081e00000, 0x0000000081f00000, 0x0000000081f00000|100%| O|  |TAMS 0x0000000081f00000, 0x0000000081e00000| Untracked 
|  31|0x0000000081f00000, 0x0000000082000000, 0x0000000082000000|100%| O|  |TAMS 0x0000000082000000, 0x0000000081f00000| Untracked 
|  32|0x0000000082000000, 0x0000000082100000, 0x0000000082100000|100%| O|  |TAMS 0x0000000082100000, 0x0000000082000000| Untracked 
|  33|0x0000000082100000, 0x0000000082200000, 0x0000000082200000|100%| O|  |TAMS 0x0000000082200000, 0x0000000082100000| Untracked 
|  34|0x0000000082200000, 0x0000000082300000, 0x0000000082300000|100%| O|  |TAMS 0x0000000082300000, 0x0000000082200000| Untracked 
|  35|0x0000000082300000, 0x0000000082400000, 0x0000000082400000|100%| O|  |TAMS 0x0000000082400000, 0x0000000082300000| Untracked 
|  36|0x0000000082400000, 0x0000000082500000, 0x0000000082500000|100%| O|  |TAMS 0x0000000082500000, 0x0000000082400000| Untracked 
|  37|0x0000000082500000, 0x0000000082600000, 0x0000000082600000|100%| O|  |TAMS 0x0000000082600000, 0x0000000082500000| Untracked 
|  38|0x0000000082600000, 0x0000000082700000, 0x0000000082700000|100%| O|  |TAMS 0x0000000082700000, 0x0000000082600000| Untracked 
|  39|0x0000000082700000, 0x0000000082800000, 0x0000000082800000|100%| O|  |TAMS 0x0000000082800000, 0x0000000082700000| Untracked 
|  40|0x0000000082800000, 0x0000000082900000, 0x0000000082900000|100%| O|  |TAMS 0x0000000082900000, 0x0000000082800000| Untracked 
|  41|0x0000000082900000, 0x0000000082a00000, 0x0000000082a00000|100%| O|  |TAMS 0x0000000082a00000, 0x0000000082900000| Untracked 
|  42|0x0000000082a00000, 0x0000000082b00000, 0x0000000082b00000|100%| O|  |TAMS 0x0000000082b00000, 0x0000000082a00000| Untracked 
|  43|0x0000000082b00000, 0x0000000082c00000, 0x0000000082c00000|100%| O|  |TAMS 0x0000000082c00000, 0x0000000082b00000| Untracked 
|  44|0x0000000082c00000, 0x0000000082d00000, 0x0000000082d00000|100%| O|  |TAMS 0x0000000082d00000, 0x0000000082c00000| Untracked 
|  45|0x0000000082d00000, 0x0000000082e00000, 0x0000000082e00000|100%| O|  |TAMS 0x0000000082e00000, 0x0000000082d00000| Untracked 
|  46|0x0000000082e00000, 0x0000000082f00000, 0x0000000082f00000|100%| O|  |TAMS 0x0000000082f00000, 0x0000000082e00000| Untracked 
|  47|0x0000000082f00000, 0x0000000083000000, 0x0000000083000000|100%| O|  |TAMS 0x0000000083000000, 0x0000000082f00000| Untracked 
|  48|0x0000000083000000, 0x0000000083100000, 0x0000000083100000|100%| O|  |TAMS 0x0000000083100000, 0x0000000083000000| Untracked 
|  49|0x0000000083100000, 0x0000000083200000, 0x0000000083200000|100%| O|  |TAMS 0x0000000083200000, 0x0000000083100000| Untracked 
|  50|0x0000000083200000, 0x0000000083300000, 0x0000000083300000|100%| O|  |TAMS 0x0000000083300000, 0x0000000083200000| Untracked 
|  51|0x0000000083300000, 0x0000000083400000, 0x0000000083400000|100%| O|  |TAMS 0x0000000083400000, 0x0000000083300000| Untracked 
|  52|0x0000000083400000, 0x0000000083500000, 0x0000000083500000|100%| O|  |TAMS 0x0000000083500000, 0x0000000083400000| Untracked 
|  53|0x0000000083500000, 0x0000000083600000, 0x0000000083600000|100%| O|  |TAMS 0x0000000083600000, 0x0000000083500000| Untracked 
|  54|0x0000000083600000, 0x0000000083700000, 0x0000000083700000|100%| O|  |TAMS 0x0000000083700000, 0x0000000083600000| Untracked 
|  55|0x0000000083700000, 0x0000000083800000, 0x0000000083800000|100%| O|  |TAMS 0x0000000083800000, 0x0000000083700000| Untracked 
|  56|0x0000000083800000, 0x0000000083900000, 0x0000000083900000|100%| O|  |TAMS 0x0000000083900000, 0x0000000083800000| Untracked 
|  57|0x0000000083900000, 0x0000000083a00000, 0x0000000083a00000|100%| O|  |TAMS 0x0000000083a00000, 0x0000000083900000| Untracked 
|  58|0x0000000083a00000, 0x0000000083b00000, 0x0000000083b00000|100%| O|  |TAMS 0x0000000083b00000, 0x0000000083a00000| Untracked 
|  59|0x0000000083b00000, 0x0000000083c00000, 0x0000000083c00000|100%| O|  |TAMS 0x0000000083c00000, 0x0000000083b00000| Untracked 
|  60|0x0000000083c00000, 0x0000000083d00000, 0x0000000083d00000|100%| O|  |TAMS 0x0000000083d00000, 0x0000000083c00000| Untracked 
|  61|0x0000000083d00000, 0x0000000083e00000, 0x0000000083e00000|100%| O|  |TAMS 0x0000000083e00000, 0x0000000083d00000| Untracked 
|  62|0x0000000083e00000, 0x0000000083f00000, 0x0000000083f00000|100%| O|  |TAMS 0x0000000083f00000, 0x0000000083e00000| Untracked 
|  63|0x0000000083f00000, 0x0000000084000000, 0x0000000084000000|100%| O|  |TAMS 0x0000000084000000, 0x0000000083f00000| Untracked 
|  64|0x0000000084000000, 0x0000000084100000, 0x0000000084100000|100%| O|  |TAMS 0x0000000084100000, 0x0000000084000000| Untracked 
|  65|0x0000000084100000, 0x0000000084200000, 0x0000000084200000|100%| O|  |TAMS 0x0000000084200000, 0x0000000084100000| Untracked 
|  66|0x0000000084200000, 0x0000000084300000, 0x0000000084300000|100%| O|  |TAMS 0x0000000084300000, 0x0000000084200000| Untracked 
|  67|0x0000000084300000, 0x0000000084400000, 0x0000000084400000|100%| O|  |TAMS 0x0000000084400000, 0x0000000084300000| Untracked 
|  68|0x0000000084400000, 0x0000000084500000, 0x0000000084500000|100%| O|  |TAMS 0x0000000084500000, 0x0000000084400000| Untracked 
|  69|0x0000000084500000, 0x0000000084600000, 0x0000000084600000|100%| O|  |TAMS 0x0000000084600000, 0x0000000084500000| Untracked 
|  70|0x0000000084600000, 0x0000000084700000, 0x0000000084700000|100%| O|  |TAMS 0x0000000084700000, 0x0000000084600000| Untracked 
|  71|0x0000000084700000, 0x0000000084800000, 0x0000000084800000|100%| O|  |TAMS 0x0000000084800000, 0x0000000084700000| Untracked 
|  72|0x0000000084800000, 0x0000000084900000, 0x0000000084900000|100%| O|  |TAMS 0x0000000084900000, 0x0000000084800000| Untracked 
|  73|0x0000000084900000, 0x0000000084a00000, 0x0000000084a00000|100%| O|  |TAMS 0x0000000084a00000, 0x0000000084900000| Untracked 
|  74|0x0000000084a00000, 0x0000000084b00000, 0x0000000084b00000|100%| O|  |TAMS 0x0000000084b00000, 0x0000000084a00000| Untracked 
|  75|0x0000000084b00000, 0x0000000084c00000, 0x0000000084c00000|100%| O|  |TAMS 0x0000000084c00000, 0x0000000084b00000| Untracked 
|  76|0x0000000084c00000, 0x0000000084d00000, 0x0000000084d00000|100%| O|  |TAMS 0x0000000084c00000, 0x0000000084c00000| Untracked 
|  77|0x0000000084d00000, 0x0000000084e00000, 0x0000000084e00000|100%| O|  |TAMS 0x0000000084e00000, 0x0000000084d00000| Untracked 
|  78|0x0000000084e00000, 0x0000000084f00000, 0x0000000084f00000|100%| O|  |TAMS 0x0000000084f00000, 0x0000000084e00000| Untracked 
|  79|0x0000000084f00000, 0x0000000085000000, 0x0000000085000000|100%| O|  |TAMS 0x0000000085000000, 0x0000000084f00000| Untracked 
|  80|0x0000000085000000, 0x0000000085100000, 0x0000000085100000|100%| O|  |TAMS 0x0000000085100000, 0x0000000085000000| Untracked 
|  81|0x0000000085100000, 0x0000000085200000, 0x0000000085200000|100%| O|  |TAMS 0x0000000085200000, 0x0000000085100000| Untracked 
|  82|0x0000000085200000, 0x0000000085300000, 0x0000000085300000|100%| O|  |TAMS 0x0000000085300000, 0x0000000085200000| Untracked 
|  83|0x0000000085300000, 0x0000000085400000, 0x0000000085400000|100%| O|  |TAMS 0x0000000085400000, 0x0000000085300000| Untracked 
|  84|0x0000000085400000, 0x0000000085500000, 0x0000000085500000|100%| O|  |TAMS 0x0000000085500000, 0x0000000085400000| Untracked 
|  85|0x0000000085500000, 0x0000000085600000, 0x0000000085600000|100%| O|  |TAMS 0x0000000085600000, 0x0000000085500000| Untracked 
|  86|0x0000000085600000, 0x0000000085700000, 0x0000000085700000|100%| O|  |TAMS 0x0000000085700000, 0x0000000085600000| Untracked 
|  87|0x0000000085700000, 0x0000000085800000, 0x0000000085800000|100%| O|  |TAMS 0x0000000085800000, 0x0000000085700000| Untracked 
|  88|0x0000000085800000, 0x0000000085900000, 0x0000000085900000|100%| O|  |TAMS 0x0000000085900000, 0x0000000085800000| Untracked 
|  89|0x0000000085900000, 0x0000000085a00000, 0x0000000085a00000|100%| O|  |TAMS 0x0000000085a00000, 0x0000000085900000| Untracked 
|  90|0x0000000085a00000, 0x0000000085b00000, 0x0000000085b00000|100%| O|  |TAMS 0x0000000085b00000, 0x0000000085a00000| Untracked 
|  91|0x0000000085b00000, 0x0000000085c00000, 0x0000000085c00000|100%| O|  |TAMS 0x0000000085c00000, 0x0000000085b00000| Untracked 
|  92|0x0000000085c00000, 0x0000000085d00000, 0x0000000085d00000|100%| O|  |TAMS 0x0000000085d00000, 0x0000000085c00000| Untracked 
|  93|0x0000000085d00000, 0x0000000085e00000, 0x0000000085e00000|100%| O|  |TAMS 0x0000000085e00000, 0x0000000085d00000| Untracked 
|  94|0x0000000085e00000, 0x0000000085f00000, 0x0000000085f00000|100%| O|  |TAMS 0x0000000085f00000, 0x0000000085e00000| Untracked 
|  95|0x0000000085f00000, 0x0000000086000000, 0x0000000086000000|100%| O|  |TAMS 0x0000000086000000, 0x0000000085f00000| Untracked 
|  96|0x0000000086000000, 0x0000000086100000, 0x0000000086100000|100%| O|  |TAMS 0x0000000086100000, 0x0000000086000000| Untracked 
|  97|0x0000000086100000, 0x0000000086200000, 0x0000000086200000|100%| O|  |TAMS 0x0000000086200000, 0x0000000086100000| Untracked 
|  98|0x0000000086200000, 0x0000000086300000, 0x0000000086300000|100%| O|  |TAMS 0x0000000086300000, 0x0000000086200000| Untracked 
|  99|0x0000000086300000, 0x0000000086400000, 0x0000000086400000|100%| O|  |TAMS 0x0000000086400000, 0x0000000086300000| Untracked 
| 100|0x0000000086400000, 0x0000000086500000, 0x0000000086500000|100%| O|  |TAMS 0x0000000086500000, 0x0000000086400000| Untracked 
| 101|0x0000000086500000, 0x0000000086600000, 0x0000000086600000|100%| O|  |TAMS 0x0000000086600000, 0x0000000086500000| Untracked 
| 102|0x0000000086600000, 0x0000000086700000, 0x0000000086700000|100%| O|  |TAMS 0x0000000086700000, 0x0000000086600000| Untracked 
| 103|0x0000000086700000, 0x0000000086800000, 0x0000000086800000|100%| O|  |TAMS 0x0000000086800000, 0x0000000086700000| Untracked 
| 104|0x0000000086800000, 0x0000000086900000, 0x0000000086900000|100%| O|  |TAMS 0x0000000086900000, 0x0000000086800000| Untracked 
| 105|0x0000000086900000, 0x0000000086a00000, 0x0000000086a00000|100%| O|  |TAMS 0x0000000086a00000, 0x0000000086900000| Untracked 
| 106|0x0000000086a00000, 0x0000000086b00000, 0x0000000086b00000|100%| O|  |TAMS 0x0000000086b00000, 0x0000000086a00000| Untracked 
| 107|0x0000000086b00000, 0x0000000086c00000, 0x0000000086c00000|100%| O|  |TAMS 0x0000000086c00000, 0x0000000086b00000| Untracked 
| 108|0x0000000086c00000, 0x0000000086d00000, 0x0000000086d00000|100%| O|  |TAMS 0x0000000086c00000, 0x0000000086c00000| Untracked 
| 109|0x0000000086d00000, 0x0000000086e00000, 0x0000000086e00000|100%| O|  |TAMS 0x0000000086d00000, 0x0000000086d00000| Untracked 
| 110|0x0000000086e00000, 0x0000000086f00000, 0x0000000086f00000|100%| O|  |TAMS 0x0000000086f00000, 0x0000000086e00000| Untracked 
| 111|0x0000000086f00000, 0x0000000087000000, 0x0000000087000000|100%| O|  |TAMS 0x0000000087000000, 0x0000000086f00000| Untracked 
| 112|0x0000000087000000, 0x0000000087002a00, 0x0000000087100000|  1%| O|  |TAMS 0x0000000087000000, 0x0000000087000000| Untracked 
| 113|0x0000000087100000, 0x0000000087200000, 0x0000000087200000|100%|HS|  |TAMS 0x0000000087100000, 0x0000000087100000| Complete 
| 114|0x0000000087200000, 0x0000000087300000, 0x0000000087300000|100%|HC|  |TAMS 0x0000000087200000, 0x0000000087200000| Complete 
| 115|0x0000000087300000, 0x0000000087300000, 0x0000000087400000|  0%| F|  |TAMS 0x0000000087300000, 0x0000000087300000| Untracked 
| 116|0x0000000087400000, 0x0000000087400000, 0x0000000087500000|  0%| F|  |TAMS 0x0000000087400000, 0x0000000087400000| Untracked 
| 117|0x0000000087500000, 0x0000000087500000, 0x0000000087600000|  0%| F|  |TAMS 0x0000000087500000, 0x0000000087500000| Untracked 
| 118|0x0000000087600000, 0x0000000087600000, 0x0000000087700000|  0%| F|  |TAMS 0x0000000087600000, 0x0000000087600000| Untracked 
| 119|0x0000000087700000, 0x0000000087700000, 0x0000000087800000|  0%| F|  |TAMS 0x0000000087700000, 0x0000000087700000| Untracked 
| 120|0x0000000087800000, 0x0000000087800000, 0x0000000087900000|  0%| F|  |TAMS 0x0000000087800000, 0x0000000087800000| Untracked 
| 121|0x0000000087900000, 0x0000000087900000, 0x0000000087a00000|  0%| F|  |TAMS 0x0000000087900000, 0x0000000087900000| Untracked 
| 122|0x0000000087a00000, 0x0000000087b00000, 0x0000000087b00000|100%| O|  |TAMS 0x0000000087b00000, 0x0000000087a00000| Untracked 
| 123|0x0000000087b00000, 0x0000000087c00000, 0x0000000087c00000|100%| O|  |TAMS 0x0000000087c00000, 0x0000000087b00000| Untracked 
| 124|0x0000000087c00000, 0x0000000087d00000, 0x0000000087d00000|100%| O|  |TAMS 0x0000000087d00000, 0x0000000087c00000| Untracked 
| 125|0x0000000087d00000, 0x0000000087e00000, 0x0000000087e00000|100%| O|  |TAMS 0x0000000087e00000, 0x0000000087d00000| Untracked 
| 126|0x0000000087e00000, 0x0000000087f00000, 0x0000000087f00000|100%| O|  |TAMS 0x0000000087e24a00, 0x0000000087e00000| Untracked 
| 127|0x0000000087f00000, 0x0000000087f00000, 0x0000000088000000|  0%| F|  |TAMS 0x0000000087f00000, 0x0000000087f00000| Untracked 
| 128|0x0000000088000000, 0x0000000088000000, 0x0000000088100000|  0%| F|  |TAMS 0x0000000088000000, 0x0000000088000000| Untracked 
| 129|0x0000000088100000, 0x0000000088100000, 0x0000000088200000|  0%| F|  |TAMS 0x0000000088100000, 0x0000000088100000| Untracked 
| 130|0x0000000088200000, 0x0000000088200000, 0x0000000088300000|  0%| F|  |TAMS 0x0000000088200000, 0x0000000088200000| Untracked 
| 131|0x0000000088300000, 0x0000000088300000, 0x0000000088400000|  0%| F|  |TAMS 0x0000000088300000, 0x0000000088300000| Untracked 
| 132|0x0000000088400000, 0x0000000088400000, 0x0000000088500000|  0%| F|  |TAMS 0x0000000088400000, 0x0000000088400000| Untracked 
| 133|0x0000000088500000, 0x0000000088500000, 0x0000000088600000|  0%| F|  |TAMS 0x0000000088500000, 0x0000000088500000| Untracked 
| 134|0x0000000088600000, 0x0000000088600000, 0x0000000088700000|  0%| F|  |TAMS 0x0000000088600000, 0x0000000088600000| Untracked 
| 135|0x0000000088700000, 0x0000000088700000, 0x0000000088800000|  0%| F|  |TAMS 0x0000000088700000, 0x0000000088700000| Untracked 
| 136|0x0000000088800000, 0x0000000088800000, 0x0000000088900000|  0%| F|  |TAMS 0x0000000088800000, 0x0000000088800000| Untracked 
| 137|0x0000000088900000, 0x0000000088900000, 0x0000000088a00000|  0%| F|  |TAMS 0x0000000088900000, 0x0000000088900000| Untracked 
| 138|0x0000000088a00000, 0x0000000088a00000, 0x0000000088b00000|  0%| F|  |TAMS 0x0000000088a00000, 0x0000000088a00000| Untracked 
| 139|0x0000000088b00000, 0x0000000088b00000, 0x0000000088c00000|  0%| F|  |TAMS 0x0000000088b00000, 0x0000000088b00000| Untracked 
| 140|0x0000000088c00000, 0x0000000088c00000, 0x0000000088d00000|  0%| F|  |TAMS 0x0000000088c00000, 0x0000000088c00000| Untracked 
| 141|0x0000000088d00000, 0x0000000088d00000, 0x0000000088e00000|  0%| F|  |TAMS 0x0000000088d00000, 0x0000000088d00000| Untracked 
| 142|0x0000000088e00000, 0x0000000088e00000, 0x0000000088f00000|  0%| F|  |TAMS 0x0000000088e00000, 0x0000000088e00000| Untracked 
| 143|0x0000000088f00000, 0x0000000088f00000, 0x0000000089000000|  0%| F|  |TAMS 0x0000000088f00000, 0x0000000088f00000| Untracked 
| 144|0x0000000089000000, 0x0000000089000000, 0x0000000089100000|  0%| F|  |TAMS 0x0000000089000000, 0x0000000089000000| Untracked 
| 145|0x0000000089100000, 0x0000000089100000, 0x0000000089200000|  0%| F|  |TAMS 0x0000000089100000, 0x0000000089100000| Untracked 
| 146|0x0000000089200000, 0x0000000089200000, 0x0000000089300000|  0%| F|  |TAMS 0x0000000089200000, 0x0000000089200000| Untracked 
| 147|0x0000000089300000, 0x00000000893b6380, 0x0000000089400000| 71%| S|CS|TAMS 0x0000000089300000, 0x0000000089300000| Complete 
| 148|0x0000000089400000, 0x0000000089400000, 0x0000000089500000|  0%| F|  |TAMS 0x0000000089400000, 0x0000000089400000| Untracked 
| 149|0x0000000089500000, 0x0000000089500000, 0x0000000089600000|  0%| F|  |TAMS 0x0000000089500000, 0x0000000089500000| Untracked 
| 150|0x0000000089600000, 0x0000000089600000, 0x0000000089700000|  0%| F|  |TAMS 0x0000000089600000, 0x0000000089600000| Untracked 
| 151|0x0000000089700000, 0x0000000089800000, 0x0000000089800000|100%| S|CS|TAMS 0x0000000089700000, 0x0000000089700000| Complete 
| 152|0x0000000089800000, 0x0000000089900000, 0x0000000089900000|100%| S|CS|TAMS 0x0000000089800000, 0x0000000089800000| Complete 
| 153|0x0000000089900000, 0x0000000089a00000, 0x0000000089a00000|100%| S|CS|TAMS 0x0000000089900000, 0x0000000089900000| Complete 
| 154|0x0000000089a00000, 0x0000000089a00000, 0x0000000089b00000|  0%| F|  |TAMS 0x0000000089a00000, 0x0000000089a00000| Untracked 
| 155|0x0000000089b00000, 0x0000000089b00000, 0x0000000089c00000|  0%| F|  |TAMS 0x0000000089b00000, 0x0000000089b00000| Untracked 
| 156|0x0000000089c00000, 0x0000000089c00000, 0x0000000089d00000|  0%| F|  |TAMS 0x0000000089c00000, 0x0000000089c00000| Untracked 
| 157|0x0000000089d00000, 0x0000000089d00000, 0x0000000089e00000|  0%| F|  |TAMS 0x0000000089d00000, 0x0000000089d00000| Untracked 
| 158|0x0000000089e00000, 0x0000000089e00000, 0x0000000089f00000|  0%| F|  |TAMS 0x0000000089e00000, 0x0000000089e00000| Untracked 
| 159|0x0000000089f00000, 0x0000000089f00000, 0x000000008a000000|  0%| F|  |TAMS 0x0000000089f00000, 0x0000000089f00000| Untracked 
| 160|0x000000008a000000, 0x000000008a000000, 0x000000008a100000|  0%| F|  |TAMS 0x000000008a000000, 0x000000008a000000| Untracked 
| 161|0x000000008a100000, 0x000000008a100000, 0x000000008a200000|  0%| F|  |TAMS 0x000000008a100000, 0x000000008a100000| Untracked 
| 162|0x000000008a200000, 0x000000008a200000, 0x000000008a300000|  0%| F|  |TAMS 0x000000008a200000, 0x000000008a200000| Untracked 
| 163|0x000000008a300000, 0x000000008a300000, 0x000000008a400000|  0%| F|  |TAMS 0x000000008a300000, 0x000000008a300000| Untracked 
| 164|0x000000008a400000, 0x000000008a400000, 0x000000008a500000|  0%| F|  |TAMS 0x000000008a400000, 0x000000008a400000| Untracked 
| 165|0x000000008a500000, 0x000000008a500000, 0x000000008a600000|  0%| F|  |TAMS 0x000000008a500000, 0x000000008a500000| Untracked 
| 166|0x000000008a600000, 0x000000008a600000, 0x000000008a700000|  0%| F|  |TAMS 0x000000008a600000, 0x000000008a600000| Untracked 
| 167|0x000000008a700000, 0x000000008a700000, 0x000000008a800000|  0%| F|  |TAMS 0x000000008a700000, 0x000000008a700000| Untracked 
| 168|0x000000008a800000, 0x000000008a800000, 0x000000008a900000|  0%| F|  |TAMS 0x000000008a800000, 0x000000008a800000| Untracked 
| 169|0x000000008a900000, 0x000000008a900000, 0x000000008aa00000|  0%| F|  |TAMS 0x000000008a900000, 0x000000008a900000| Untracked 
| 170|0x000000008aa00000, 0x000000008aa95190, 0x000000008ab00000| 58%| E|  |TAMS 0x000000008aa00000, 0x000000008aa00000| Complete 
| 171|0x000000008ab00000, 0x000000008ac00000, 0x000000008ac00000|100%| E|CS|TAMS 0x000000008ab00000, 0x000000008ab00000| Complete 
| 172|0x000000008ac00000, 0x000000008ad00000, 0x000000008ad00000|100%| E|CS|TAMS 0x000000008ac00000, 0x000000008ac00000| Complete 
| 173|0x000000008ad00000, 0x000000008ae00000, 0x000000008ae00000|100%| E|  |TAMS 0x000000008ad00000, 0x000000008ad00000| Complete 
| 174|0x000000008ae00000, 0x000000008af00000, 0x000000008af00000|100%| E|CS|TAMS 0x000000008ae00000, 0x000000008ae00000| Complete 
| 175|0x000000008af00000, 0x000000008b000000, 0x000000008b000000|100%| E|CS|TAMS 0x000000008af00000, 0x000000008af00000| Complete 
| 176|0x000000008b000000, 0x000000008b100000, 0x000000008b100000|100%| E|CS|TAMS 0x000000008b000000, 0x000000008b000000| Complete 
| 177|0x000000008b100000, 0x000000008b200000, 0x000000008b200000|100%| E|CS|TAMS 0x000000008b100000, 0x000000008b100000| Complete 
| 178|0x000000008b200000, 0x000000008b300000, 0x000000008b300000|100%| E|CS|TAMS 0x000000008b200000, 0x000000008b200000| Complete 
| 179|0x000000008b300000, 0x000000008b400000, 0x000000008b400000|100%| E|CS|TAMS 0x000000008b300000, 0x000000008b300000| Complete 
| 180|0x000000008b400000, 0x000000008b500000, 0x000000008b500000|100%| E|CS|TAMS 0x000000008b400000, 0x000000008b400000| Complete 
| 181|0x000000008b500000, 0x000000008b600000, 0x000000008b600000|100%| E|CS|TAMS 0x000000008b500000, 0x000000008b500000| Complete 
| 182|0x000000008b600000, 0x000000008b700000, 0x000000008b700000|100%| E|CS|TAMS 0x000000008b600000, 0x000000008b600000| Complete 
| 183|0x000000008b700000, 0x000000008b800000, 0x000000008b800000|100%| E|CS|TAMS 0x000000008b700000, 0x000000008b700000| Complete 
| 184|0x000000008b800000, 0x000000008b900000, 0x000000008b900000|100%| E|CS|TAMS 0x000000008b800000, 0x000000008b800000| Complete 
| 185|0x000000008b900000, 0x000000008ba00000, 0x000000008ba00000|100%| E|CS|TAMS 0x000000008b900000, 0x000000008b900000| Complete 
| 186|0x000000008ba00000, 0x000000008bb00000, 0x000000008bb00000|100%| E|CS|TAMS 0x000000008ba00000, 0x000000008ba00000| Complete 
| 187|0x000000008bb00000, 0x000000008bc00000, 0x000000008bc00000|100%| E|CS|TAMS 0x000000008bb00000, 0x000000008bb00000| Complete 
| 188|0x000000008bc00000, 0x000000008bd00000, 0x000000008bd00000|100%| E|CS|TAMS 0x000000008bc00000, 0x000000008bc00000| Complete 
| 189|0x000000008bd00000, 0x000000008be00000, 0x000000008be00000|100%| E|CS|TAMS 0x000000008bd00000, 0x000000008bd00000| Complete 
| 190|0x000000008be00000, 0x000000008bf00000, 0x000000008bf00000|100%| E|CS|TAMS 0x000000008be00000, 0x000000008be00000| Complete 
| 191|0x000000008bf00000, 0x000000008c000000, 0x000000008c000000|100%| E|CS|TAMS 0x000000008bf00000, 0x000000008bf00000| Complete 
| 192|0x000000008c000000, 0x000000008c100000, 0x000000008c100000|100%| E|CS|TAMS 0x000000008c000000, 0x000000008c000000| Complete 
| 193|0x000000008c100000, 0x000000008c200000, 0x000000008c200000|100%| E|CS|TAMS 0x000000008c100000, 0x000000008c100000| Complete 
| 194|0x000000008c200000, 0x000000008c300000, 0x000000008c300000|100%| E|CS|TAMS 0x000000008c200000, 0x000000008c200000| Complete 
| 195|0x000000008c300000, 0x000000008c400000, 0x000000008c400000|100%| E|CS|TAMS 0x000000008c300000, 0x000000008c300000| Complete 
| 196|0x000000008c400000, 0x000000008c500000, 0x000000008c500000|100%| E|CS|TAMS 0x000000008c400000, 0x000000008c400000| Complete 
| 197|0x000000008c500000, 0x000000008c600000, 0x000000008c600000|100%| E|CS|TAMS 0x000000008c500000, 0x000000008c500000| Complete 
| 198|0x000000008c600000, 0x000000008c700000, 0x000000008c700000|100%| E|CS|TAMS 0x000000008c600000, 0x000000008c600000| Complete 
| 199|0x000000008c700000, 0x000000008c800000, 0x000000008c800000|100%| E|CS|TAMS 0x000000008c700000, 0x000000008c700000| Complete 
| 200|0x000000008c800000, 0x000000008c900000, 0x000000008c900000|100%| E|CS|TAMS 0x000000008c800000, 0x000000008c800000| Complete 
| 201|0x000000008c900000, 0x000000008ca00000, 0x000000008ca00000|100%| E|CS|TAMS 0x000000008c900000, 0x000000008c900000| Complete 
| 202|0x000000008ca00000, 0x000000008cb00000, 0x000000008cb00000|100%| E|CS|TAMS 0x000000008ca00000, 0x000000008ca00000| Complete 
| 203|0x000000008cb00000, 0x000000008cc00000, 0x000000008cc00000|100%| E|CS|TAMS 0x000000008cb00000, 0x000000008cb00000| Complete 
| 204|0x000000008cc00000, 0x000000008cd00000, 0x000000008cd00000|100%| E|CS|TAMS 0x000000008cc00000, 0x000000008cc00000| Complete 
| 205|0x000000008cd00000, 0x000000008ce00000, 0x000000008ce00000|100%| E|CS|TAMS 0x000000008cd00000, 0x000000008cd00000| Complete 
| 206|0x000000008ce00000, 0x000000008cf00000, 0x000000008cf00000|100%| E|CS|TAMS 0x000000008ce00000, 0x000000008ce00000| Complete 
| 207|0x000000008cf00000, 0x000000008d000000, 0x000000008d000000|100%| E|CS|TAMS 0x000000008cf00000, 0x000000008cf00000| Complete 
| 208|0x000000008d000000, 0x000000008d100000, 0x000000008d100000|100%| E|CS|TAMS 0x000000008d000000, 0x000000008d000000| Complete 
| 209|0x000000008d100000, 0x000000008d200000, 0x000000008d200000|100%| E|CS|TAMS 0x000000008d100000, 0x000000008d100000| Complete 
| 210|0x000000008d200000, 0x000000008d300000, 0x000000008d300000|100%| E|CS|TAMS 0x000000008d200000, 0x000000008d200000| Complete 
| 211|0x000000008d300000, 0x000000008d400000, 0x000000008d400000|100%| E|CS|TAMS 0x000000008d300000, 0x000000008d300000| Complete 
| 212|0x000000008d400000, 0x000000008d500000, 0x000000008d500000|100%| E|CS|TAMS 0x000000008d400000, 0x000000008d400000| Complete 
| 213|0x000000008d500000, 0x000000008d600000, 0x000000008d600000|100%| E|CS|TAMS 0x000000008d500000, 0x000000008d500000| Complete 
| 214|0x000000008d600000, 0x000000008d700000, 0x000000008d700000|100%| E|CS|TAMS 0x000000008d600000, 0x000000008d600000| Complete 
| 215|0x000000008d700000, 0x000000008d800000, 0x000000008d800000|100%| E|CS|TAMS 0x000000008d700000, 0x000000008d700000| Complete 
| 216|0x000000008d800000, 0x000000008d900000, 0x000000008d900000|100%| E|CS|TAMS 0x000000008d800000, 0x000000008d800000| Complete 
| 217|0x000000008d900000, 0x000000008da00000, 0x000000008da00000|100%| E|CS|TAMS 0x000000008d900000, 0x000000008d900000| Complete 
| 218|0x000000008da00000, 0x000000008db00000, 0x000000008db00000|100%| E|CS|TAMS 0x000000008da00000, 0x000000008da00000| Complete 
| 219|0x000000008db00000, 0x000000008dc00000, 0x000000008dc00000|100%| E|CS|TAMS 0x000000008db00000, 0x000000008db00000| Complete 
| 220|0x000000008dc00000, 0x000000008dd00000, 0x000000008dd00000|100%| E|CS|TAMS 0x000000008dc00000, 0x000000008dc00000| Complete 
| 221|0x000000008dd00000, 0x000000008de00000, 0x000000008de00000|100%| E|CS|TAMS 0x000000008dd00000, 0x000000008dd00000| Complete 

Card table byte_map: [0x00000247c6780000,0x00000247c6b80000] _byte_map_base: 0x00000247c6380000

Marking Bits (Prev, Next): (CMBitMap*) 0x00000247b3709530, (CMBitMap*) 0x00000247b37094f8
 Prev Bits: [0x00000247c8f80000, 0x00000247caf80000)
 Next Bits: [0x00000247c6f80000, 0x00000247c8f80000)

Polling page: 0x00000247b2eb0000

Metaspace:

Usage:
  Non-class:     79.48 MB capacity,    78.00 MB ( 98%) used,     1.25 MB (  2%) free+waste,   231.94 KB ( <1%) overhead. 
      Class:     12.01 MB capacity,    11.21 MB ( 93%) used,   716.42 KB (  6%) free+waste,   104.06 KB ( <1%) overhead. 
       Both:     91.49 MB capacity,    89.21 MB ( 98%) used,     1.95 MB (  2%) free+waste,   336.00 KB ( <1%) overhead. 

Virtual space:
  Non-class space:       80.00 MB reserved,      79.58 MB (>99%) committed 
      Class space:        1.00 GB reserved,      12.13 MB (  1%) committed 
             Both:        1.08 GB reserved,      91.70 MB (  8%) committed 

Chunk freelists:
   Non-Class:  40.00 KB
       Class:  17.00 KB
        Both:  57.00 KB

MaxMetaspaceSize: 17179869184.00 GB
CompressedClassSpaceSize: 1.00 GB

CodeHeap 'non-profiled nmethods': size=120000Kb used=8295Kb max_used=8295Kb free=111705Kb
 bounds [0x00000247beb20000, 0x00000247bf340000, 0x00000247c6050000]
CodeHeap 'profiled nmethods': size=120000Kb used=26656Kb max_used=26656Kb free=93343Kb
 bounds [0x00000247b75f0000, 0x00000247b9000000, 0x00000247beb20000]
CodeHeap 'non-nmethods': size=5760Kb used=2295Kb max_used=2363Kb free=3464Kb
 bounds [0x00000247b7050000, 0x00000247b72c0000, 0x00000247b75f0000]
 total_blobs=13039 nmethods=12141 adapters=809
 compilation: enabled
              stopped_count=0, restarted_count=0
 full_count=0

Compilation events (20 events):
Event: 320.946 Thread 0x00000247cd9f1000 13036       2       java.lang.AbstractStringBuilder::append (55 bytes)
Event: 320.946 Thread 0x00000247cd9f1000 nmethod 13036 0x00000247b8ff9910 code [0x00000247b8ff9ae0, 0x00000247b8ff9cd8]
Event: 320.946 Thread 0x00000247cd9f1000 13035       2       org.gradle.internal.work.DefaultWorkerLeaseService$WorkerLeaseLockRegistry$1::<init> (20 bytes)
Event: 320.946 Thread 0x00000247cd9f1000 nmethod 13035 0x00000247b8ff9e10 code [0x00000247b8ff9fc0, 0x00000247b8ffa1d8]
Event: 320.960 Thread 0x00000247cd9f1000 13037       2       kotlin.collections.AbstractIterator::hasNext (101 bytes)
Event: 320.960 Thread 0x00000247cd9f1000 nmethod 13037 0x00000247b8ffa290 code [0x00000247b8ffa480, 0x00000247b8ffa778]
Event: 320.963 Thread 0x00000247cd9f1000 13038       2       java.util.TimSort::sort (229 bytes)
Event: 320.964 Thread 0x00000247cd9f1000 nmethod 13038 0x00000247b8ffa910 code [0x00000247b8ffab40, 0x00000247b8ffafd8]
Event: 320.967 Thread 0x00000247cd9f1000 13039       1       kotlin.sequences.FilteringSequence::access$getPredicate$p (5 bytes)
Event: 320.967 Thread 0x00000247cd9f1000 nmethod 13039 0x00000247bf338c10 code [0x00000247bf338dc0, 0x00000247bf338e58]
Event: 320.967 Thread 0x00000247cd9f1000 13040       1       kotlin.sequences.FilteringSequence::access$getSendWhen$p (5 bytes)
Event: 320.968 Thread 0x00000247cd9f1000 nmethod 13040 0x00000247bf338f10 code [0x00000247bf3390c0, 0x00000247bf339158]
Event: 320.974 Thread 0x00000247cd9f1000 13041       1       kotlin.io.FileTreeWalk::access$getStart$p (5 bytes)
Event: 320.974 Thread 0x00000247cd9f1000 nmethod 13041 0x00000247bf339210 code [0x00000247bf3393c0, 0x00000247bf339458]
Event: 320.986 Thread 0x00000247cd9f1000 13042       1       kotlin.sequences.FilteringSequence::access$getSequence$p (5 bytes)
Event: 320.986 Thread 0x00000247cd9f1000 nmethod 13042 0x00000247bf339510 code [0x00000247bf3396c0, 0x00000247bf339758]
Event: 320.999 Thread 0x00000247cd9f1000 13044       2       kotlin.io.FileTreeWalk$FileTreeWalkIterator::gotoNext (93 bytes)
Event: 321.003 Thread 0x00000247cd9f1000 nmethod 13044 0x00000247b8ffb390 code [0x00000247b8ffb5c0, 0x00000247b8ffbb28]
Event: 321.004 Thread 0x00000247cd9f1000 13043       2       kotlin.io.FileTreeWalk$FileTreeWalkIterator::computeNext (22 bytes)
Event: 321.004 Thread 0x00000247cd9f1000 nmethod 13043 0x00000247b8ffbf90 code [0x00000247b8ffc160, 0x00000247b8ffc3c8]

GC Heap History (20 events):
Event: 318.929 GC heap before
{Heap before GC invocations=56 (full 0):
 garbage-first heap   total 157696K, used 123547K [0x0000000080000000, 0x0000000100000000)
  region size 1024K, 14 young (14336K), 1 survivors (1024K)
 Metaspace       used 90774K, capacity 92965K, committed 93264K, reserved 1130496K
  class space    used 11417K, capacity 12220K, committed 12288K, reserved 1048576K
}
Event: 318.934 GC heap after
{Heap after GC invocations=57 (full 0):
 garbage-first heap   total 157696K, used 112322K [0x0000000080000000, 0x0000000100000000)
  region size 1024K, 2 young (2048K), 2 survivors (2048K)
 Metaspace       used 90774K, capacity 92965K, committed 93264K, reserved 1130496K
  class space    used 11417K, capacity 12220K, committed 12288K, reserved 1048576K
}
Event: 318.999 GC heap before
{Heap before GC invocations=57 (full 0):
 garbage-first heap   total 157696K, used 127682K [0x0000000080000000, 0x0000000100000000)
  region size 1024K, 15 young (15360K), 2 survivors (2048K)
 Metaspace       used 90809K, capacity 93000K, committed 93264K, reserved 1130496K
  class space    used 11421K, capacity 12253K, committed 12288K, reserved 1048576K
}
Event: 319.004 GC heap after
{Heap after GC invocations=58 (full 0):
 garbage-first heap   total 157696K, used 113055K [0x0000000080000000, 0x0000000100000000)
  region size 1024K, 2 young (2048K), 2 survivors (2048K)
 Metaspace       used 90809K, capacity 93000K, committed 93264K, reserved 1130496K
  class space    used 11421K, capacity 12253K, committed 12288K, reserved 1048576K
}
Event: 319.521 GC heap before
{Heap before GC invocations=58 (full 0):
 garbage-first heap   total 157696K, used 126367K [0x0000000080000000, 0x0000000100000000)
  region size 1024K, 15 young (15360K), 2 survivors (2048K)
 Metaspace       used 90859K, capacity 93068K, committed 93264K, reserved 1130496K
  class space    used 11426K, capacity 12254K, committed 12288K, reserved 1048576K
}
Event: 319.523 GC heap after
{Heap after GC invocations=59 (full 0):
 garbage-first heap   total 157696K, used 112656K [0x0000000080000000, 0x0000000100000000)
  region size 1024K, 2 young (2048K), 2 survivors (2048K)
 Metaspace       used 90859K, capacity 93068K, committed 93264K, reserved 1130496K
  class space    used 11426K, capacity 12254K, committed 12288K, reserved 1048576K
}
Event: 319.648 GC heap before
{Heap before GC invocations=59 (full 0):
 garbage-first heap   total 157696K, used 136208K [0x0000000080000000, 0x0000000100000000)
  region size 1024K, 14 young (14336K), 2 survivors (2048K)
 Metaspace       used 90898K, capacity 93132K, committed 93264K, reserved 1130496K
  class space    used 11426K, capacity 12254K, committed 12288K, reserved 1048576K
}
Event: 319.655 GC heap after
{Heap after GC invocations=60 (full 0):
 garbage-first heap   total 157696K, used 122002K [0x0000000080000000, 0x0000000100000000)
  region size 1024K, 2 young (2048K), 2 survivors (2048K)
 Metaspace       used 90898K, capacity 93132K, committed 93264K, reserved 1130496K
  class space    used 11426K, capacity 12254K, committed 12288K, reserved 1048576K
}
Event: 319.764 GC heap before
{Heap before GC invocations=60 (full 0):
 garbage-first heap   total 157696K, used 133266K [0x0000000080000000, 0x0000000100000000)
  region size 1024K, 10 young (10240K), 2 survivors (2048K)
 Metaspace       used 90987K, capacity 93168K, committed 93264K, reserved 1130496K
  class space    used 11435K, capacity 12260K, committed 12288K, reserved 1048576K
}
Event: 319.771 GC heap after
{Heap after GC invocations=61 (full 0):
 garbage-first heap   total 189440K, used 119473K [0x0000000080000000, 0x0000000100000000)
  region size 1024K, 2 young (2048K), 2 survivors (2048K)
 Metaspace       used 90987K, capacity 93168K, committed 93264K, reserved 1130496K
  class space    used 11435K, capacity 12260K, committed 12288K, reserved 1048576K
}
Event: 319.908 GC heap before
{Heap before GC invocations=61 (full 0):
 garbage-first heap   total 189440K, used 143025K [0x0000000080000000, 0x0000000100000000)
  region size 1024K, 26 young (26624K), 2 survivors (2048K)
 Metaspace       used 91001K, capacity 93232K, committed 93264K, reserved 1130496K
  class space    used 11435K, capacity 12260K, committed 12288K, reserved 1048576K
}
Event: 319.911 GC heap after
{Heap after GC invocations=62 (full 0):
 garbage-first heap   total 189440K, used 119962K [0x0000000080000000, 0x0000000100000000)
  region size 1024K, 2 young (2048K), 2 survivors (2048K)
 Metaspace       used 91001K, capacity 93232K, committed 93264K, reserved 1130496K
  class space    used 11435K, capacity 12260K, committed 12288K, reserved 1048576K
}
Event: 320.159 GC heap before
{Heap before GC invocations=63 (full 0):
 garbage-first heap   total 189440K, used 145562K [0x0000000080000000, 0x0000000100000000)
  region size 1024K, 28 young (28672K), 2 survivors (2048K)
 Metaspace       used 91048K, capacity 93296K, committed 93520K, reserved 1130496K
  class space    used 11440K, capacity 12260K, committed 12288K, reserved 1048576K
}
Event: 320.162 GC heap after
{Heap after GC invocations=64 (full 0):
 garbage-first heap   total 189440K, used 120163K [0x0000000080000000, 0x0000000100000000)
  region size 1024K, 2 young (2048K), 2 survivors (2048K)
 Metaspace       used 91048K, capacity 93296K, committed 93520K, reserved 1130496K
  class space    used 11440K, capacity 12260K, committed 12288K, reserved 1048576K
}
Event: 320.368 GC heap before
{Heap before GC invocations=64 (full 0):
 garbage-first heap   total 189440K, used 147811K [0x0000000080000000, 0x0000000100000000)
  region size 1024K, 30 young (30720K), 2 survivors (2048K)
 Metaspace       used 91159K, capacity 93409K, committed 93648K, reserved 1130496K
  class space    used 11460K, capacity 12298K, committed 12416K, reserved 1048576K
}
Event: 320.372 GC heap after
{Heap after GC invocations=65 (full 0):
 garbage-first heap   total 189440K, used 121456K [0x0000000080000000, 0x0000000100000000)
  region size 1024K, 4 young (4096K), 4 survivors (4096K)
 Metaspace       used 91159K, capacity 93409K, committed 93648K, reserved 1130496K
  class space    used 11460K, capacity 12298K, committed 12416K, reserved 1048576K
}
Event: 320.474 GC heap before
{Heap before GC invocations=65 (full 0):
 garbage-first heap   total 189440K, used 150128K [0x0000000080000000, 0x0000000100000000)
  region size 1024K, 33 young (33792K), 4 survivors (4096K)
 Metaspace       used 91159K, capacity 93409K, committed 93648K, reserved 1130496K
  class space    used 11460K, capacity 12298K, committed 12416K, reserved 1048576K
}
Event: 320.479 GC heap after
{Heap after GC invocations=66 (full 0):
 garbage-first heap   total 189440K, used 122453K [0x0000000080000000, 0x0000000100000000)
  region size 1024K, 4 young (4096K), 4 survivors (4096K)
 Metaspace       used 91159K, capacity 93409K, committed 93648K, reserved 1130496K
  class space    used 11460K, capacity 12298K, committed 12416K, reserved 1048576K
}
Event: 320.602 GC heap before
{Heap before GC invocations=66 (full 0):
 garbage-first heap   total 189440K, used 152149K [0x0000000080000000, 0x0000000100000000)
  region size 1024K, 34 young (34816K), 4 survivors (4096K)
 Metaspace       used 91184K, capacity 93411K, committed 93648K, reserved 1130496K
  class space    used 11462K, capacity 12298K, committed 12416K, reserved 1048576K
}
Event: 320.702 GC heap after
{Heap after GC invocations=67 (full 0):
 garbage-first heap   total 227328K, used 123619K [0x0000000080000000, 0x0000000100000000)
  region size 1024K, 4 young (4096K), 4 survivors (4096K)
 Metaspace       used 91184K, capacity 93411K, committed 93648K, reserved 1130496K
  class space    used 11462K, capacity 12298K, committed 12416K, reserved 1048576K
}

Deoptimization events (20 events):
Event: 320.849 Thread 0x00000247d2834800 DEOPT PACKING pc=0x00000247bf32bb80 sp=0x000000e66cbfb000
Event: 320.849 Thread 0x00000247d2834800 DEOPT UNPACKING pc=0x00000247b70774af sp=0x000000e66cbfaec8 mode 2
Event: 320.850 Thread 0x00000247d2834800 DEOPT PACKING pc=0x00000247b84e2390 sp=0x000000e66cbfa610
Event: 320.850 Thread 0x00000247d2834800 DEOPT UNPACKING pc=0x00000247b70772ce sp=0x000000e66cbf9b10 mode 0
Event: 320.861 Thread 0x00000247d2834800 Uncommon trap: trap_request=0xffffff4d fr.pc=0x00000247bf3013a8 relative=0x0000000000000088
Event: 320.861 Thread 0x00000247d2834800 Uncommon trap: reason=unstable_if action=reinterpret pc=0x00000247bf3013a8 method=java.lang.Integer.stringSize(I)I @ 19 c2
Event: 320.861 Thread 0x00000247d2834800 DEOPT PACKING pc=0x00000247bf3013a8 sp=0x000000e66cbfb300
Event: 320.861 Thread 0x00000247d2834800 DEOPT UNPACKING pc=0x00000247b70774af sp=0x000000e66cbfb280 mode 2
Event: 320.862 Thread 0x00000247d2834800 Uncommon trap: trap_request=0xffffffd6 fr.pc=0x00000247bf328d10 relative=0x00000000000008d0
Event: 320.862 Thread 0x00000247d2834800 Uncommon trap: reason=array_check action=maybe_recompile pc=0x00000247bf328d10 method=java.util.TimSort.binarySort([Ljava/lang/Object;IIILjava/util/Comparator;)V @ 183 c2
Event: 320.862 Thread 0x00000247d2834800 DEOPT PACKING pc=0x00000247bf328d10 sp=0x000000e66cbf8460
Event: 320.862 Thread 0x00000247d2834800 DEOPT UNPACKING pc=0x00000247b70774af sp=0x000000e66cbf8408 mode 2
Event: 320.869 Thread 0x00000247d282f800 Uncommon trap: trap_request=0xffffffd6 fr.pc=0x00000247bf32bb80 relative=0x0000000000001880
Event: 320.869 Thread 0x00000247d282f800 Uncommon trap: reason=array_check action=maybe_recompile pc=0x00000247bf32bb80 method=java.util.TimSort.reverseRange([Ljava/lang/Object;II)V @ 27 c2
Event: 320.869 Thread 0x00000247d282f800 DEOPT PACKING pc=0x00000247bf32bb80 sp=0x000000e66cffdbc0
Event: 320.869 Thread 0x00000247d282f800 DEOPT UNPACKING pc=0x00000247b70774af sp=0x000000e66cffda88 mode 2
Event: 320.884 Thread 0x00000247d282f800 Uncommon trap: trap_request=0xffffffde fr.pc=0x00000247bf2e74ec relative=0x000000000000084c
Event: 320.884 Thread 0x00000247d282f800 Uncommon trap: reason=class_check action=maybe_recompile pc=0x00000247bf2e74ec method=java.util.Iterator.forEachRemaining(Ljava/util/function/Consumer;)V @ 6 c2
Event: 320.884 Thread 0x00000247d282f800 DEOPT PACKING pc=0x00000247bf2e74ec sp=0x000000e66cffde00
Event: 320.884 Thread 0x00000247d282f800 DEOPT UNPACKING pc=0x00000247b70774af sp=0x000000e66cffde00 mode 2

Classes redefined (0 events):
No events

Internal exceptions (20 events):
Event: 311.215 Thread 0x00000247cee6c800 Implicit null exception at 0x00000247bf1a3c86 to 0x00000247bf1aa82c
Event: 312.383 Thread 0x00000247cee6c800 Exception <a 'sun/nio/fs/WindowsException'{0x0000000087a80550}> (0x0000000087a80550) thrown at [./src/hotspot/share/prims/jni.cpp, line 615]
Event: 312.946 Thread 0x00000247cee6c800 Exception <a 'java/lang/reflect/InvocationTargetException'{0x0000000087656648}> (0x0000000087656648) thrown at [./src/hotspot/share/runtime/reflection.cpp, line 1247]
Event: 312.947 Thread 0x00000247cee6c800 Exception <a 'java/lang/reflect/InvocationTargetException'{0x0000000087659dc0}> (0x0000000087659dc0) thrown at [./src/hotspot/share/runtime/reflection.cpp, line 1247]
Event: 312.947 Thread 0x00000247cee6c800 Exception <a 'java/lang/reflect/InvocationTargetException'{0x000000008765d4a8}> (0x000000008765d4a8) thrown at [./src/hotspot/share/runtime/reflection.cpp, line 1247]
Event: 312.948 Thread 0x00000247cee6c800 Exception <a 'java/lang/reflect/InvocationTargetException'{0x0000000087660c40}> (0x0000000087660c40) thrown at [./src/hotspot/share/runtime/reflection.cpp, line 1247]
Event: 312.948 Thread 0x00000247cee6c800 Exception <a 'java/lang/reflect/InvocationTargetException'{0x00000000876644f0}> (0x00000000876644f0) thrown at [./src/hotspot/share/runtime/reflection.cpp, line 1247]
Event: 312.954 Thread 0x00000247cee6c800 Exception <a 'java/lang/reflect/InvocationTargetException'{0x0000000087688ef8}> (0x0000000087688ef8) thrown at [./src/hotspot/share/runtime/reflection.cpp, line 1247]
Event: 312.964 Thread 0x00000247cee6c800 Implicit null exception at 0x00000247bf205bc5 to 0x00000247bf2064b4
Event: 312.965 Thread 0x00000247cee6c800 Implicit null exception at 0x00000247bf207dd2 to 0x00000247bf2081d8
Event: 312.996 Thread 0x00000247cee6c800 Exception <a 'sun/nio/fs/WindowsException'{0x000000008752d3f8}> (0x000000008752d3f8) thrown at [./src/hotspot/share/prims/jni.cpp, line 615]
Event: 317.898 Thread 0x00000247d282d000 Implicit null exception at 0x00000247bede2204 to 0x00000247bede23fc
Event: 319.613 Thread 0x00000247d282d000 Implicit null exception at 0x00000247bf2efd01 to 0x00000247bf2f67d0
Event: 319.613 Thread 0x00000247d282d000 Implicit null exception at 0x00000247bf2efd01 to 0x00000247bf2f67d0
Event: 319.646 Thread 0x00000247d282d000 Implicit null exception at 0x00000247bf2efd01 to 0x00000247bf2f67d0
Event: 319.667 Thread 0x00000247d282d000 Exception <a 'java/lang/NoSuchMethodError'{0x0000000089929fb8}: <clinit>> (0x0000000089929fb8) thrown at [./src/hotspot/share/prims/jni.cpp, line 1362]
Event: 319.668 Thread 0x00000247d282d000 Exception <a 'java/lang/NoSuchMethodError'{0x000000008993c7b8}: <clinit>> (0x000000008993c7b8) thrown at [./src/hotspot/share/prims/jni.cpp, line 1362]
Event: 320.265 Thread 0x00000247d2834800 Exception <a 'java/lang/NoSuchMethodError'{0x000000008abdea00}: 'void java.lang.invoke.DirectMethodHandle$Holder.invokeStatic(java.lang.Object, java.lang.Object, java.lang.Object, java.lang.Object, int, java.lang.Object)'> (0x000000008abdea00) thrown at [./src/hotspot/share/interpreter/linkResolver.cpp, line 773]
Event: 320.862 Thread 0x00000247d2834800 Exception <a 'java/lang/NoSuchMethodError'{0x000000008c2b22d0}: <clinit>> (0x000000008c2b22d0) thrown at [./src/hotspot/share/prims/jni.cpp, line 1362]
Event: 320.903 Thread 0x00000247d282f000 Exception <a 'java/lang/OutOfMemoryError'{0x000000008d28c9f0}> (0x000000008d28c9f0) thrown at [./src/hotspot/share/prims/jni.cpp, line 636]

Events (20 events):
Event: 320.894 loading class kotlin/io/FileTreeWalk
Event: 320.894 loading class kotlin/io/FileTreeWalk done
Event: 320.896 loading class com/android/build/gradle/internal/tasks/DexMergingTaskRunnable$run$jarsInInput$2$1
Event: 320.896 loading class com/android/build/gradle/internal/tasks/DexMergingTaskRunnable$run$jarsInInput$2$1 done
Event: 320.897 loading class kotlin/io/FileTreeWalk$FileTreeWalkIterator
Event: 320.897 loading class kotlin/io/FileTreeWalk$FileTreeWalkIterator done
Event: 320.898 loading class kotlin/collections/AbstractIterator
Event: 320.898 loading class kotlin/collections/AbstractIterator done
Event: 320.899 loading class kotlin/collections/State
Event: 320.899 loading class kotlin/collections/State done
Event: 320.899 loading class kotlin/io/FileTreeWalk$FileTreeWalkIterator$WhenMappings
Event: 320.899 loading class kotlin/io/FileTreeWalk$FileTreeWalkIterator$WhenMappings done
Event: 320.900 loading class kotlin/io/FileTreeWalk$FileTreeWalkIterator$TopDownDirectoryState
Event: 320.900 loading class kotlin/io/FileTreeWalk$FileTreeWalkIterator$TopDownDirectoryState done
Event: 320.901 loading class kotlin/io/FileTreeWalk$DirectoryState
Event: 320.901 loading class kotlin/io/FileTreeWalk$DirectoryState done
Event: 320.901 loading class kotlin/io/FileTreeWalk$WalkState
Event: 320.901 loading class kotlin/io/FileTreeWalk$WalkState done
Event: 320.902 loading class kotlin/collections/AbstractIterator$WhenMappings
Event: 320.902 loading class kotlin/collections/AbstractIterator$WhenMappings done


Dynamic libraries:
0x00007ff656e60000 - 0x00007ff656e6a000 	C:\Program Files\Android\Android Studio\jre\bin\java.exe
0x00007ffd6fc50000 - 0x00007ffd6fe45000 	C:\WINDOWS\SYSTEM32\ntdll.dll
0x00007ffd6fb40000 - 0x00007ffd6fbfd000 	C:\WINDOWS\System32\KERNEL32.DLL
0x00007ffd6d650000 - 0x00007ffd6d919000 	C:\WINDOWS\System32\KERNELBASE.dll
0x00007ffd6da60000 - 0x00007ffd6db60000 	C:\WINDOWS\System32\ucrtbase.dll
0x00007ffd67e20000 - 0x00007ffd67e37000 	C:\Program Files\Android\Android Studio\jre\bin\VCRUNTIME140.dll
0x00007ffd67e00000 - 0x00007ffd67e19000 	C:\Program Files\Android\Android Studio\jre\bin\jli.dll
0x00007ffd6e600000 - 0x00007ffd6e7a0000 	C:\WINDOWS\System32\USER32.dll
0x00007ffd6dbf0000 - 0x00007ffd6dc12000 	C:\WINDOWS\System32\win32u.dll
0x00007ffd6e870000 - 0x00007ffd6e89a000 	C:\WINDOWS\System32\GDI32.dll
0x00007ffd6d950000 - 0x00007ffd6da5b000 	C:\WINDOWS\System32\gdi32full.dll
0x00007ffd6dc20000 - 0x00007ffd6dcbd000 	C:\WINDOWS\System32\msvcp_win.dll
0x00007ffd4ebb0000 - 0x00007ffd4ee4a000 	C:\WINDOWS\WinSxS\amd64_microsoft.windows.common-controls_6595b64144ccf1df_6.0.19041.1083_none_60bbe31371f34e71\COMCTL32.dll
0x00007ffd6f790000 - 0x00007ffd6f82e000 	C:\WINDOWS\System32\msvcrt.dll
0x00007ffd6e500000 - 0x00007ffd6e530000 	C:\WINDOWS\System32\IMM32.DLL
0x00007ffd35430000 - 0x00007ffd354cd000 	C:\Program Files\Android\Android Studio\jre\bin\msvcp140.dll
0x00007ffd08b60000 - 0x00007ffd0961c000 	C:\Program Files\Android\Android Studio\jre\bin\server\jvm.dll
0x00007ffd6f3f0000 - 0x00007ffd6f49c000 	C:\WINDOWS\System32\ADVAPI32.dll
0x00007ffd6dcc0000 - 0x00007ffd6dd5b000 	C:\WINDOWS\System32\sechost.dll
0x00007ffd6ea20000 - 0x00007ffd6eb4a000 	C:\WINDOWS\System32\RPCRT4.dll
0x00007ffd6fc00000 - 0x00007ffd6fc08000 	C:\WINDOWS\System32\PSAPI.DLL
0x00007ffd68a40000 - 0x00007ffd68a49000 	C:\WINDOWS\SYSTEM32\WSOCK32.dll
0x00007ffd51d90000 - 0x00007ffd51db7000 	C:\WINDOWS\SYSTEM32\WINMM.dll
0x00007ffd6f320000 - 0x00007ffd6f38b000 	C:\WINDOWS\System32\WS2_32.dll
0x00007ffd67c20000 - 0x00007ffd67c2a000 	C:\WINDOWS\SYSTEM32\VERSION.dll
0x00007ffd6bca0000 - 0x00007ffd6bcb2000 	C:\WINDOWS\SYSTEM32\kernel.appcore.dll
0x00007ffd674e0000 - 0x00007ffd674f1000 	C:\Program Files\Android\Android Studio\jre\bin\verify.dll
0x00007ffd6b1b0000 - 0x00007ffd6b394000 	C:\WINDOWS\SYSTEM32\DBGHELP.DLL
0x00007ffd5f3e0000 - 0x00007ffd5f40c000 	C:\WINDOWS\SYSTEM32\dbgcore.DLL
0x00007ffd6db60000 - 0x00007ffd6dbe3000 	C:\WINDOWS\System32\bcryptPrimitives.dll
0x00007ffd57c00000 - 0x00007ffd57c29000 	C:\Program Files\Android\Android Studio\jre\bin\java.dll
0x00007ffd674d0000 - 0x00007ffd674db000 	C:\Program Files\Android\Android Studio\jre\bin\jimage.dll
0x00007ffd57be0000 - 0x00007ffd57bf8000 	C:\Program Files\Android\Android Studio\jre\bin\zip.dll
0x00007ffd6ddc0000 - 0x00007ffd6e4ff000 	C:\WINDOWS\System32\SHELL32.dll
0x00007ffd6b4a0000 - 0x00007ffd6bc31000 	C:\WINDOWS\SYSTEM32\windows.storage.dll
0x00007ffd6eb50000 - 0x00007ffd6eea5000 	C:\WINDOWS\System32\combase.dll
0x00007ffd6ce00000 - 0x00007ffd6ce2c000 	C:\WINDOWS\SYSTEM32\Wldp.dll
0x00007ffd6e530000 - 0x00007ffd6e5de000 	C:\WINDOWS\System32\SHCORE.dll
0x00007ffd6e9c0000 - 0x00007ffd6ea15000 	C:\WINDOWS\System32\shlwapi.dll
0x00007ffd6d2d0000 - 0x00007ffd6d2ef000 	C:\WINDOWS\SYSTEM32\profapi.dll
0x00007ffd57bc0000 - 0x00007ffd57bda000 	C:\Program Files\Android\Android Studio\jre\bin\net.dll
0x00007ffd582a0000 - 0x00007ffd583aa000 	C:\WINDOWS\SYSTEM32\WINHTTP.dll
0x00007ffd6cb60000 - 0x00007ffd6cbca000 	C:\WINDOWS\system32\mswsock.dll
0x00007ffd57ba0000 - 0x00007ffd57bb4000 	C:\Program Files\Android\Android Studio\jre\bin\nio.dll
0x00007ffd566d0000 - 0x00007ffd566f7000 	C:\Users\santh\.gradle\native\f6784746aeab05261644944871eae4fe03e0ef1612fff0a4a95f87b438bc6780\windows-amd64\native-platform.dll
0x00007ffd674c0000 - 0x00007ffd674ca000 	C:\Program Files\Android\Android Studio\jre\bin\management.dll
0x00007ffd67020000 - 0x00007ffd6702c000 	C:\Program Files\Android\Android Studio\jre\bin\management_ext.dll
0x00007ffd6cd40000 - 0x00007ffd6cd58000 	C:\WINDOWS\SYSTEM32\CRYPTSP.dll
0x00007ffd6c490000 - 0x00007ffd6c4c4000 	C:\WINDOWS\system32\rsaenh.dll
0x00007ffd6d920000 - 0x00007ffd6d947000 	C:\WINDOWS\System32\bcrypt.dll
0x00007ffd6d250000 - 0x00007ffd6d27e000 	C:\WINDOWS\SYSTEM32\USERENV.dll
0x00007ffd6cd60000 - 0x00007ffd6cd6c000 	C:\WINDOWS\SYSTEM32\CRYPTBASE.dll
0x00007ffd6c800000 - 0x00007ffd6c83b000 	C:\WINDOWS\SYSTEM32\IPHLPAPI.DLL
0x00007ffd6e5e0000 - 0x00007ffd6e5e8000 	C:\WINDOWS\System32\NSI.dll
0x00007ffd6aa90000 - 0x00007ffd6aaa7000 	C:\WINDOWS\SYSTEM32\dhcpcsvc6.DLL
0x00007ffd6aa70000 - 0x00007ffd6aa8d000 	C:\WINDOWS\SYSTEM32\dhcpcsvc.DLL
0x00007ffd6c8a0000 - 0x00007ffd6c96c000 	C:\WINDOWS\SYSTEM32\DNSAPI.dll
0x00007ffd66b40000 - 0x00007ffd66b4b000 	C:\WINDOWS\SYSTEM32\WINNSI.DLL
0x00007ffd57b70000 - 0x00007ffd57b97000 	C:\Program Files\Android\Android Studio\jre\bin\sunec.dll
0x00007ffd57ee0000 - 0x00007ffd57eea000 	C:\Windows\System32\rasadhlp.dll
0x00007ffd58220000 - 0x00007ffd5829f000 	C:\WINDOWS\System32\fwpuclnt.dll

dbghelp: loaded successfully - version: 4.0.5 - missing functions: none
symbol engine: initialized successfully - sym options: 0x614 - pdb path: .;C:\Program Files\Android\Android Studio\jre\bin;C:\WINDOWS\SYSTEM32;C:\WINDOWS\WinSxS\amd64_microsoft.windows.common-controls_6595b64144ccf1df_6.0.19041.1083_none_60bbe31371f34e71;C:\Program Files\Android\Android Studio\jre\bin\server;C:\Users\santh\.gradle\native\f6784746aeab05261644944871eae4fe03e0ef1612fff0a4a95f87b438bc6780\windows-amd64

VM Arguments:
jvm_args: --add-opens=java.base/java.util=ALL-UNNAMED --add-opens=java.base/java.lang=ALL-UNNAMED --add-opens=java.base/java.lang.invoke=ALL-UNNAMED --add-opens=java.prefs/java.util.prefs=ALL-UNNAMED -Xmx2048m -Dfile.encoding=windows-1252 -Duser.country=IN -Duser.language=en -Duser.variant 
java_command: org.gradle.launcher.daemon.bootstrap.GradleDaemon 6.5
java_class_path (initial): C:\Users\santh\.gradle\wrapper\dists\gradle-6.5-all\2oz4ud9k3tuxjg84bbf55q0tn\gradle-6.5\lib\gradle-launcher-6.5.jar
Launcher Type: SUN_STANDARD

[Global flags]
     intx CICompilerCount                          = 4                                         {product} {ergonomic}
     uint ConcGCThreads                            = 2                                         {product} {ergonomic}
     uint G1ConcRefinementThreads                  = 8                                         {product} {ergonomic}
   size_t G1HeapRegionSize                         = 1048576                                   {product} {ergonomic}
    uintx GCDrainStackTargetSize                   = 64                                        {product} {ergonomic}
   size_t InitialHeapSize                          = 132120576                                 {product} {ergonomic}
   size_t MarkStackSize                            = 4194304                                   {product} {ergonomic}
   size_t MaxHeapSize                              = 2147483648                                {product} {command line}
   size_t MaxNewSize                               = 1287651328                                {product} {ergonomic}
   size_t MinHeapDeltaBytes                        = 1048576                                   {product} {ergonomic}
    uintx NonNMethodCodeHeapSize                   = 5836300                                {pd product} {ergonomic}
    uintx NonProfiledCodeHeapSize                  = 122910970                              {pd product} {ergonomic}
    uintx ProfiledCodeHeapSize                     = 122910970                              {pd product} {ergonomic}
    uintx ReservedCodeCacheSize                    = 251658240                              {pd product} {ergonomic}
     bool SegmentedCodeCache                       = true                                      {product} {ergonomic}
     bool UseCompressedClassPointers               = true                                 {lp64_product} {ergonomic}
     bool UseCompressedOops                        = true                                 {lp64_product} {ergonomic}
     bool UseG1GC                                  = true                                      {product} {ergonomic}
     bool UseLargePagesIndividualAllocation        = false                                  {pd product} {ergonomic}

Logging:
Log output configuration:
 #0: stdout all=warning uptime,level,tags
 #1: stderr all=off uptime,level,tags

Environment Variables:
JAVA_HOME=C:\Program Files (x86)\Java\jdk1.8.0_121
PATH=C:\ProgramData\Oracle\Java\javapath;C:\WINDOWS\system32;C:\WINDOWS;C:\WINDOWS\System32\Wbem;C:\WINDOWS\System32\WindowsPowerShell\v1.0\;C:\WINDOWS\System32\OpenSSH\;C:\Program Files (x86)\Java\jdk1.8.0_121\bin;C:\Program Files\Git\cmd;C:\Users\santh\AppData\Local\Microsoft\WindowsApps;C:\Users\santh\AppData\Local\GitHubDesktop\bin;
USERNAME=santh
OS=Windows_NT
PROCESSOR_IDENTIFIER=Intel64 Family 6 Model 142 Stepping 12, GenuineIntel



---------------  S Y S T E M  ---------------

OS: Windows 10 , 64 bit Build 19041 (10.0.19041.1023)
OS uptime: 3 days 23:23 hours

CPU:total 8 (initial active 8) (4 cores per cpu, 2 threads per core) family 6 model 142 stepping 12, cmov, cx8, fxsr, mmx, sse, sse2, sse3, ssse3, sse4.1, sse4.2, popcnt, avx, avx2, aes, clmul, erms, 3dnowpref, lzcnt, ht, tsc, tscinvbit, bmi1, bmi2, adx, fma

Memory: 4k page, system-wide physical 8014M (330M free)
TotalPageFile size 32590M (AvailPageFile size 3M)
current process WorkingSet (physical memory assigned to process): 398M, peak: 399M
current process commit charge ("private bytes"): 533M, peak: 534M

vm_info: OpenJDK 64-Bit Server VM (11.0.8+10-b944.6842174) for windows-amd64 JRE (11.0.8+10-b944.6842174), built on Sep 19 2020 01:11:42 by "builder" with MS VC++ 14.0 (VS2015)

END.
